[24/08/2021 15:16:55] /m oddish
[24/08/2021 15:18:21] /m oddish
[24/08/2021 15:18:42] /m oddish
[24/08/2021 15:19:53] /m oddish
[24/08/2021 15:19:56] /c mixlort
[24/08/2021 15:19:57] /m oddish
[24/08/2021 15:20:01] /m oddish
[24/08/2021 15:21:00] /m oddish
[24/08/2021 15:21:01] /m oddish
[24/08/2021 15:21:30] /ghost
[24/08/2021 15:21:44] /goto quinn
[24/08/2021 15:22:33] /goto bielms
[24/08/2021 15:24:35] /goto liipz
[24/08/2021 15:25:34] /goto liipz
[24/08/2021 15:26:30] /t
[24/08/2021 15:26:33] /goto quinn
[24/08/2021 15:28:07] /c quinn
[24/08/2021 15:34:53] /goto Liipz
[24/08/2021 15:41:27] /t
[24/08/2021 15:48:45] /r
[24/08/2021 15:48:51] /m oddish
[24/08/2021 15:52:46] /goto quinn
[24/08/2021 15:53:34] /r
[24/08/2021 15:58:07] /goto quinn
[24/08/2021 15:58:09] /goto quinn
[24/08/2021 16:00:07] /goto quijnn
[24/08/2021 16:00:47] /goto quinn
[24/08/2021 16:03:28] /goto liipz
[24/08/2021 16:03:47] /goto liipz
[24/08/2021 16:06:04] /goto liipz
[24/08/2021 16:06:06] /goto liipz
[24/08/2021 16:06:15] /goto Azgerda
[24/08/2021 16:07:34] /goto liipz
[24/08/2021 16:09:29] /goto Azgerda
[24/08/2021 16:09:32] /goto liipz
[24/08/2021 16:10:53] /goto liipz
[24/08/2021 16:12:54] /goto liipz
[24/08/2021 16:15:26] /goto liipz
[24/08/2021 16:16:38] /goto liipz
[24/08/2021 16:18:38] /goto liipz
[24/08/2021 16:19:16] /goto liipz
[24/08/2021 16:19:56] /goto liipz
[24/08/2021 16:20:20] /goto liipz
[24/08/2021 16:22:50] /goto Pokemon Collector
[24/08/2021 16:23:10] /goto Pokemon Collector
[24/08/2021 16:23:15] /goto liipz
[24/08/2021 16:23:49] /c quinn
[24/08/2021 16:26:45] /ghost
[24/08/2021 16:26:54] /ghost
[24/08/2021 16:27:23] /goto liipz
[24/08/2021 16:28:37] /goto liipz
[24/08/2021 16:29:23] /goto liipz
[24/08/2021 16:29:26] /goto liipz
[24/08/2021 16:30:04] /goto liipz]
[24/08/2021 16:30:06] /goto liipz
[24/08/2021 16:30:56] /goto liipz
[24/08/2021 16:31:10] /goto perusion
[24/08/2021 16:31:15] /goto daniel churros
[24/08/2021 16:31:31] /goto overlord
[24/08/2021 16:31:43] /goto batata
[24/08/2021 16:31:51] /goto skyline
[24/08/2021 16:35:53] /goto skyline
[24/08/2021 16:36:36] /goto skyline
[24/08/2021 16:36:49] /goto beemo
[24/08/2021 16:37:16] /goto azgerda
[24/08/2021 16:39:42] /goto azgerda
[24/08/2021 16:40:23] /goto azgerda
[24/08/2021 16:40:59] /goto azgerda
[24/08/2021 16:43:18] /goto liipz
[24/08/2021 16:45:15] /t
[24/08/2021 16:51:17] /town 9
[24/08/2021 16:51:19] /town 1
[24/08/2021 16:51:20] /town 2
[24/08/2021 16:51:21] /town 3
[24/08/2021 16:51:23] /town 4
[24/08/2021 16:51:24] /town 5
[24/08/2021 16:51:25] /town 6
[24/08/2021 16:51:27] /town 7
[24/08/2021 16:51:28] /town 8
[24/08/2021 16:51:29] /town 9
[24/08/2021 16:55:24] /goto quinn
[24/08/2021 16:55:28] /ghost
[24/08/2021 16:58:15] /ghost
[24/08/2021 16:58:16] /t
[24/08/2021 16:58:32] /goto sliip
[24/08/2021 16:58:47] /goto Liipz
[24/08/2021 17:05:09] /t
[24/08/2021 17:10:38] /t
[24/08/2021 17:11:30] /t
[24/08/2021 17:11:56] /goto Daniel Churros
[24/08/2021 17:13:41] /goto Liipz
[24/08/2021 17:14:11] /c liipz
[24/08/2021 17:14:33] /ghost
[24/08/2021 17:15:19] /ghost
[24/08/2021 17:15:22] /goto liipz
[24/08/2021 17:15:42] /ghost
[24/08/2021 17:16:17] /c liipz
[24/08/2021 17:16:45] /ghost
[24/08/2021 17:17:41] /ghost
[24/08/2021 17:20:07] /ghost
[24/08/2021 17:20:15] /t
[24/08/2021 17:26:05] /goto sinizter
[24/08/2021 17:26:08] /goto natow
[24/08/2021 17:26:15] /goto mlester
[24/08/2021 17:29:05] /t
[24/08/2021 23:54:09] /goto liipz
[24/08/2021 23:54:28] /b Qualquer duvida utilizem o canal Help.
[24/08/2021 23:54:55] /goto liipz
[24/08/2021 23:55:10] /goto liipz
[24/08/2021 23:55:45] /t
[24/08/2021 23:55:48] /goto liipz
[24/08/2021 23:55:51] /ghost
[24/08/2021 23:55:57] /ghost
[24/08/2021 23:56:17] /goto liipz
[24/08/2021 23:56:32] /ghost
[24/08/2021 23:57:00] /r
[24/08/2021 23:57:37] /ghost
[24/08/2021 23:58:58] /r
[25/08/2021 00:03:31] /goto akiller
[25/08/2021 00:03:42] /t
[25/08/2021 00:04:38] /goto akiller
[25/08/2021 00:04:46] /goto liipz
[25/08/2021 00:04:55] /b Boa noite pessoal, bom jogo.
[25/08/2021 00:05:06] /ghost
[25/08/2021 00:05:10] /ghost
[25/08/2021 00:05:11] /t
[25/08/2021 00:05:15] /goto liipz
[25/08/2021 00:05:27] /t
[25/08/2021 12:48:33] /ghost
[25/08/2021 12:48:35] /ghost
[25/08/2021 12:56:16] /goto quinn
[25/08/2021 13:32:24] /goto liipz
[25/08/2021 13:32:38] /ghost
[25/08/2021 13:32:41] /ghost
[25/08/2021 13:32:45] /ghost
[25/08/2021 13:32:54] /ghost
[25/08/2021 13:33:12] /ghost
[25/08/2021 13:34:34] /ghost
[25/08/2021 13:34:35] /t
[25/08/2021 13:46:25] /r
[25/08/2021 13:46:58] /goto griloh
[25/08/2021 13:49:40] /goto mega pidgeotto
[25/08/2021 13:49:48] /goto a batata
[25/08/2021 13:49:54] /goto azgerda
[25/08/2021 13:50:23] /a 5
[25/08/2021 13:50:30] /t
[25/08/2021 13:50:54] /goto pikachu
[25/08/2021 13:51:07] /t
[25/08/2021 13:51:17] /goto daniel churros
[25/08/2021 13:52:57] /goto liipz
[25/08/2021 13:53:03] /goto Liipz
[25/08/2021 13:53:10] /goto liipz
[25/08/2021 13:53:16] /goto Liipz
[25/08/2021 13:53:22] /goto corremuleke
[25/08/2021 13:53:42] /goto leuzin
[25/08/2021 13:53:46] /goto sinizter
[25/08/2021 13:54:19] /goto Ranger club
[25/08/2021 13:54:45] /t
[25/08/2021 13:58:55] /t
[25/08/2021 14:03:31] /goto Liipz
[25/08/2021 14:06:57] /goto quinn
[25/08/2021 14:07:14] /goto quinn
[25/08/2021 14:07:26] /ghost
[25/08/2021 14:07:43] /ghost
[25/08/2021 14:07:51] /ghost
[25/08/2021 14:07:56] /ghost
[25/08/2021 14:11:16] /goto quinn
[25/08/2021 14:16:13] /goto vegeta
[25/08/2021 14:16:16] /goto azgerda
[25/08/2021 14:16:50] /goto azgerda
[25/08/2021 14:19:45] /r
[25/08/2021 14:19:59] /goto skyline
[25/08/2021 14:20:53] /goto perusion
[25/08/2021 14:20:58] /goto Perusion
[25/08/2021 14:21:04] /goto daniel churros
[25/08/2021 14:23:46] /r
[25/08/2021 14:23:57] /t
[25/08/2021 14:24:00] /goto quinn
[25/08/2021 14:28:53] /goto charizard
[25/08/2021 14:29:04] /r
[25/08/2021 14:31:01] /r
[25/08/2021 14:31:02] /t
[25/08/2021 14:31:18] /goto charizard
[25/08/2021 14:35:27] /t
[25/08/2021 14:35:42] /goto Frokie Irado
[25/08/2021 14:40:54] /goto Frokie Irado
[25/08/2021 14:43:29] /goto Frokie Irado
[25/08/2021 14:48:28] /goto Frokie Irado
[25/08/2021 14:52:59] /goto Frokie Irado
[25/08/2021 14:53:20] /goto Frokie Irado
[25/08/2021 14:54:21] /goto Frokie Irado
[25/08/2021 14:54:45] /goto Frokie Irado
[25/08/2021 14:54:55] /goto Frokie Irado
[25/08/2021 14:55:01] /goto Frokie Irado
[25/08/2021 14:56:53] /goto Frokie Irado
[25/08/2021 14:58:41] /goto Frokie Irado
[25/08/2021 14:59:39] /goto Frokie Irado
[25/08/2021 15:00:07] /goto sinizter
[25/08/2021 15:00:55] /goto Frokie Irado
[25/08/2021 15:04:34] /goto Frokie Irado
[25/08/2021 20:37:22] /goto akiller
[25/08/2021 20:37:25] /goto griloh
[25/08/2021 20:37:30] /goto skyy
[26/08/2021 11:51:00] /m oddish
[26/08/2021 12:44:03] /addskill [GM] Siffo,lvl,1
[26/08/2021 13:28:37] /r
[26/08/2021 13:29:15] /ghost
[26/08/2021 13:31:01] /r
[26/08/2021 13:35:55] /cliport
[26/08/2021 13:37:05] /r
[26/08/2021 13:38:08] /r
[26/08/2021 13:54:52] /t
[26/08/2021 14:01:26] /goto quinn
[26/08/2021 14:02:00] /cliport
[26/08/2021 14:02:15] /r
[26/08/2021 14:05:45] /cliport
[26/08/2021 14:19:00] /goto newt
[26/08/2021 15:00:31] /t
[26/08/2021 15:10:46] /cliport
[26/08/2021 15:21:23] /goto camila simas
[26/08/2021 15:22:10] /m oddish
[26/08/2021 15:24:01] /t
[26/08/2021 15:24:06] /t camila simas
[26/08/2021 15:34:36] /c camila simas
[26/08/2021 15:34:41] /c camila simas
[26/08/2021 15:34:56] /c camila simas
[26/08/2021 15:35:35] /t camila simas
[26/08/2021 15:35:35] /t
[26/08/2021 15:35:53] /c camila simas
[27/08/2021 16:57:06] /ghost Mixlort
[27/08/2021 16:57:15] /goto mixlort
[27/08/2021 16:57:19] /goto quinn
[27/08/2021 18:38:49] /t
[27/08/2021 19:14:35] /t
[30/08/2021 13:14:19] /town 2
[30/08/2021 13:14:21] /town 3
[30/08/2021 13:14:25] /ghost
[30/08/2021 13:14:26] /ghost
[30/08/2021 13:14:29] /goto mixlort
[30/08/2021 13:15:24] /goto quinn
[30/08/2021 13:16:41] /t
[30/08/2021 13:16:44] /goto quinn
[30/08/2021 13:16:48] /goto mixlort
[30/08/2021 13:25:43] /goto quinn
[30/08/2021 13:25:53] /r
[30/08/2021 13:25:58] /r
[30/08/2021 13:26:01] /r
[30/08/2021 13:26:07] /goto mixlort
[30/08/2021 13:28:31] /addskill [GM] Siffo, 100
[30/08/2021 13:28:41] /addskill [GM] Siffo,lvl, 100
[30/08/2021 13:29:49] /goto charizard
[30/08/2021 13:30:04] /t
[30/08/2021 13:30:07] /goto quinn
[30/08/2021 13:30:10] /goto mixlort
[30/08/2021 13:36:07] /goto mixlort
[30/08/2021 13:37:23] /goto Lord of ice
[30/08/2021 13:37:30] /goto let me show you
[30/08/2021 13:37:38] /goto brenokoff
[30/08/2021 13:37:42] /goto beemo
[30/08/2021 13:40:17] /goto overlord
[30/08/2021 13:42:05] /goto overlord
[30/08/2021 13:42:17] /goto belzebu a gula
[30/08/2021 13:42:24] /goto lazarento
[30/08/2021 13:43:11] /goto swolloh
[30/08/2021 13:43:22] /goto daniel churros
[30/08/2021 13:43:27] /goto ashkashi
[30/08/2021 13:43:52] /goto magic killing
[30/08/2021 13:44:03] /goto paredeamarela
[30/08/2021 13:44:10] /goto let me show you
[30/08/2021 13:44:16] /goto lord of ice
[30/08/2021 13:45:32] /goto mlester
[30/08/2021 13:46:56] /goto paredeamerela
[30/08/2021 13:47:09] /goto lazarento
[30/08/2021 13:50:31] /goto belzebu a gula
[30/08/2021 14:05:01] /goto shaymin
[30/08/2021 15:26:25] /goto trade center
[30/08/2021 15:26:37] /goto shaymin
[30/08/2021 15:26:46] /goto Aqua
[30/08/2021 15:44:01] /goto shaymin
[30/08/2021 15:46:17] /goto belzebu a gula
[30/08/2021 15:46:22] /goto magickilling
[30/08/2021 15:46:27] /t
[30/08/2021 15:47:31] /goto magic killing
[30/08/2021 15:53:02] /goto magic killing
[30/08/2021 15:55:02] /goto overlord
[30/08/2021 15:55:46] /goto ashkashi
[30/08/2021 15:59:27] /goto shaymin
[30/08/2021 15:59:32] /goto magic killing
[30/08/2021 15:59:35] /goto overlord
[30/08/2021 16:23:34] /t
[30/08/2021 18:04:02] /goto let me show you
[30/08/2021 18:04:11] /town 1
[30/08/2021 18:04:12] /town 2
[30/08/2021 18:04:13] /town 3
[30/08/2021 18:04:14] /town 4
[30/08/2021 18:04:15] /town 5
[30/08/2021 18:04:22] /c let me show you
[30/08/2021 18:15:46] /goto leuzin
[30/08/2021 18:19:13] /c quinn
[30/08/2021 18:21:30] /t
[30/08/2021 18:21:52] /goto quinn
[30/08/2021 18:21:59] /t
[30/08/2021 18:22:07] /c voltorb
[30/08/2021 18:22:47] /goto quinn
[30/08/2021 18:27:01] /goto ashkashi
[30/08/2021 18:27:29] /addskill Ashkashi,lvl,8
[30/08/2021 18:27:35] /town 1
[30/08/2021 18:27:41] /goto ashkashi
[30/08/2021 18:27:43] /town 1
[30/08/2021 18:27:46] /c ashkashi
[30/08/2021 18:27:57] /r
[30/08/2021 18:28:11] /c ashkashi
[30/08/2021 18:28:22] /addskill Ashkashi,lvl,8
[30/08/2021 18:32:01] /c quinn
[30/08/2021 18:33:08] /town 3
[30/08/2021 18:33:10] /town 4
[30/08/2021 18:33:11] /town 5
[30/08/2021 18:43:05] /c charizard
[30/08/2021 18:43:11] /goto charizard
[30/08/2021 18:48:28] /t
[30/08/2021 22:28:48] /goto quinn
[30/08/2021 22:29:10] /goto x:1983, y:1483, z:6
[30/08/2021 22:29:25] /goto x1983, y1483, z6
[30/08/2021 22:29:32] /goto 1983, 1483, 6
[30/08/2021 22:29:36] /c quinn
[30/08/2021 22:42:49] /goto belzebu a gula
[30/08/2021 22:43:29] /goto marido gostoso
[30/08/2021 22:43:44] /goto swolloh
[30/08/2021 23:01:59] /goto 995,2208,5
[30/08/2021 23:02:20] /goto belzebu a gula
[31/08/2021 11:22:45] /goto beemo
[31/08/2021 11:22:49] /ghost
[31/08/2021 11:22:50] /goto beemo
[31/08/2021 11:23:58] /goto beemo
[31/08/2021 11:24:00] /goto beemo
[31/08/2021 11:24:14] /ghost
[31/08/2021 11:25:12] /t
[31/08/2021 11:31:03] /goto let me show you
[31/08/2021 11:34:19] /goto belzebu a gula
[31/08/2021 11:34:26] /goto askeladd
[31/08/2021 11:34:42] /goto swolloh
[31/08/2021 11:35:10] /goto beemo
[31/08/2021 11:35:16] /t
[02/09/2021 16:26:10] /goto let me show you
[02/09/2021 16:26:20] /goto swolloh
[02/09/2021 16:29:22] /r
[02/09/2021 16:29:43] /ghost
[02/09/2021 16:30:28] /ghost
[02/09/2021 16:30:35] /goto beemo
[02/09/2021 16:30:42] /goto artpop
[02/09/2021 16:30:48] /goto trg ownsz
[02/09/2021 16:30:54] /goto griloh
[02/09/2021 16:32:40] /goto let me show you
[02/09/2021 18:59:50] /goto kody
[02/09/2021 19:00:06] /goto beemo
[03/09/2021 14:04:42] /goto lord of ice
[03/09/2021 14:04:49] /goto belzebu a gula
[03/09/2021 14:04:59] /goto beemo
[03/09/2021 14:05:32] /goto let me show you
[03/09/2021 15:12:33] /r
[03/09/2021 15:12:41] /t
[07/09/2021 20:54:26] /goto godofspeed
[07/09/2021 20:54:31] /goto geeh
[07/09/2021 20:54:38] /goto malvadao
[07/09/2021 20:54:46] /goto werlich
[07/09/2021 20:55:22] /goto geeh
[07/09/2021 20:55:32] /goto trg ownsz
[07/09/2021 20:55:39] /goto engelwood
[07/09/2021 20:56:09] /goto wave
[07/09/2021 20:56:18] /goto swolloh
[07/09/2021 21:00:39] /goto ricardojnr
[07/09/2021 21:00:46] /goto caikem
[07/09/2021 21:00:53] /goto werlich
[07/09/2021 21:03:50] /goto ricardojnr
[07/09/2021 21:03:55] /goto wave
[07/09/2021 21:06:16] /goto
[07/09/2021 21:06:29] /goto godofspeed
[07/09/2021 21:06:31] /goto engelwood
[07/09/2021 21:06:34] /goto malvadao
[08/09/2021 12:19:33] /goto caikem
[08/09/2021 12:19:36] /goto malvadao
[08/09/2021 12:19:39] /goto dinoorez
[08/09/2021 12:19:44] /goto duduziin xdf
[08/09/2021 12:19:46] /goto duduziin xd
[08/09/2021 12:19:52] /goto godofspeed
[08/09/2021 12:20:59] /goto beemo
[08/09/2021 12:21:07] /goto griloh
[08/09/2021 12:21:11] /goto yunoxr
[08/09/2021 12:21:14] /goto werlich
[08/09/2021 12:21:17] /goto engelwood
[08/09/2021 12:21:20] /goto coockie
[08/09/2021 12:21:24] /goto swolloh
[08/09/2021 12:25:34] /goto caikem
[08/09/2021 12:26:44] /goto swolloh
[08/09/2021 13:31:44] /goto engelwood
[08/09/2021 13:31:58] /ghost
[08/09/2021 13:35:12] /ghost
[08/09/2021 13:35:16] /goto godofspeed
[08/09/2021 13:35:19] /goto griloh
[08/09/2021 13:35:22] /goto werlich
[08/09/2021 13:35:24] /goto beemo
[08/09/2021 13:35:28] /goto yunoxr
[08/09/2021 13:35:30] /goto beemo
[08/09/2021 13:53:51] /unban
[08/09/2021 13:54:15] /unban Engelwood
[08/09/2021 13:54:30] /goto engelwood
[08/09/2021 13:54:33] /town 2
[08/09/2021 13:54:34] /town 3
[08/09/2021 13:54:35] /town 4
[08/09/2021 13:54:37] /town 5
[08/09/2021 13:54:40] /town 6
[08/09/2021 13:55:23] /unban Engelwood
[08/09/2021 13:55:32] /goto engelwood
[08/09/2021 17:22:05] /goto mixlort
[08/09/2021 17:22:07] /ghost
[08/09/2021 17:26:01] /ghost
[08/09/2021 17:26:07] /goto rns
[08/09/2021 17:26:11] /goto caiken
[08/09/2021 17:26:15] /goto Caikem
[08/09/2021 17:26:21] /goto duduziin xd
[08/09/2021 17:27:23] /goto trg ownsz
[08/09/2021 17:27:33] /goto duduziin xd
[08/09/2021 17:27:36] /goto caikem
[08/09/2021 17:36:10] /goto lazaro
[08/09/2021 17:36:12] /goto lazaro
[08/09/2021 17:36:18] /goto Lazaro
[08/09/2021 17:36:22] /goto godofspeed
[08/09/2021 17:36:35] /goto belzebu a gula
[08/09/2021 17:37:04] /goto trg ownsz
[08/09/2021 17:37:07] /goto coockie
[08/09/2021 17:38:04] /goto lazaro]
[08/09/2021 17:38:07] /goto lazaro
[08/09/2021 17:38:11] /goto godofspeed
[08/09/2021 17:38:19] /goto rns
[08/09/2021 17:38:26] /goto trindamere
[08/09/2021 17:38:33] /goto caikem
[08/09/2021 17:38:43] /t
[11/09/2021 09:42:29] /goto Rns
[11/09/2021 09:42:44] /t Rns
[11/09/2021 09:42:49] /t
[11/09/2021 09:43:05] /goto Rns
[11/09/2021 09:43:36] /goto Werlich
[12/09/2021 21:55:24] /goto yreidn
[12/09/2021 21:55:31] /kick Yreidn
[12/09/2021 21:55:45] /kick Yreidn
[12/09/2021 21:55:46] /kick Yreidn
[12/09/2021 21:55:47] /kick Yreidn
[12/09/2021 21:55:47] /kick Yreidn
[12/09/2021 21:55:51] /kick Yreidn
[12/09/2021 21:55:53] /kick Yreidn
[12/09/2021 21:55:56] /kick Yreidn
[12/09/2021 21:56:06] /kick Quinn
[12/09/2021 21:56:09] /kick Yreidn
[12/09/2021 21:56:11] /kick Quinn
[12/09/2021 21:56:12] /kick Yreidn
[12/09/2021 21:56:14] /kick Yreidn
[12/09/2021 21:56:19] /kick Quinn
[12/09/2021 23:32:06] /t
[12/09/2021 23:32:13] /goto yreidn
[12/09/2021 23:32:16] /goto yreidn
[12/09/2021 23:32:23] /goto rns
[12/09/2021 23:32:31] /goto trg ownsz
[12/09/2021 23:32:39] /goto werlich
[12/09/2021 23:34:03] /c quinn
[12/09/2021 23:34:32] /c quinn
[12/09/2021 23:36:08] /t
[12/09/2021 23:37:20] /t
[12/09/2021 23:37:25] /goto werlich
[12/09/2021 23:37:29] /goto rns
[13/09/2021 13:46:02] /t
[13/09/2021 13:46:05] /goto o bertin
[13/09/2021 16:38:56] /goto lindoku
[13/09/2021 16:39:01] /goto azriel
[13/09/2021 16:39:15] /goto werlich
[13/09/2021 16:41:16] /goto werlich
[13/09/2021 16:41:24] /goto bidu
[13/09/2021 16:42:06] /goto coockie
[13/09/2021 16:42:13] /goto trg ownsz
[13/09/2021 16:42:21] /goto yamazaki
[13/09/2021 16:42:27] /goto beemo
[13/09/2021 16:42:54] /goto beemo
[13/09/2021 16:57:10] /goto S N O W
[13/09/2021 16:57:16] /goto lindoku
[14/09/2021 23:35:48] /goto maaster
[14/09/2021 23:35:54] /goto allisson
[14/09/2021 23:36:30] /goto maaster
[14/09/2021 23:38:16] /goto maaster]
[14/09/2021 23:38:18] /goto maaster
[14/09/2021 23:39:25] /goto maaster
[14/09/2021 23:39:37] /goto maaster
[14/09/2021 23:41:17] /goto maaster
[14/09/2021 23:43:18] /goto allisson
[14/09/2021 23:43:27] /goto maaster
[14/09/2021 23:43:49] /goto shiny alakazam
[14/09/2021 23:43:53] /goto shiny espeon
[14/09/2021 23:44:20] /goto shiny vilerplume
[14/09/2021 23:44:23] /goto shiny blastoise
[14/09/2021 23:44:29] /goto shiny charizard
[14/09/2021 23:44:38] /goto chikorita
[14/09/2021 23:44:48] /goto shiny meganium
[14/09/2021 23:48:14] /goto gersin
[14/09/2021 23:48:18] /goto dream
[14/09/2021 23:48:26] /goto hedotensey
[14/09/2021 23:49:01] /goto hedotensey
[14/09/2021 23:49:04] /goto dream
[14/09/2021 23:49:06] /goto gersin
[14/09/2021 23:50:14] /goto quinn
[14/09/2021 23:50:17] /goto quinn
[14/09/2021 23:50:21] /goto quinn
[14/09/2021 23:50:22] /goto quinn
[14/09/2021 23:50:22] /goto quinn
[14/09/2021 23:50:23] /goto quinn
[14/09/2021 23:50:24] /goto quinn
[14/09/2021 23:50:25] /goto quinn
[14/09/2021 23:50:25] /goto quinn
[14/09/2021 23:50:26] /goto quinn
[14/09/2021 23:50:26] /goto quinn
[14/09/2021 23:50:27] /goto quinn
[14/09/2021 23:50:28] /goto quinn
[14/09/2021 23:50:28] /goto quinn
[14/09/2021 23:50:29] /goto quinn
[14/09/2021 23:50:30] /goto quinn
[14/09/2021 23:50:31] /goto quinn
[14/09/2021 23:50:31] /goto quinn
[14/09/2021 23:50:32] /goto quinn
[14/09/2021 23:50:33] /goto quinn
[14/09/2021 23:50:55] /goto quinn@
[14/09/2021 23:51:04] /goto quinn
[14/09/2021 23:51:07] /goto quinn
[14/09/2021 23:51:07] /goto quinn
[14/09/2021 23:51:07] /goto quinn
[14/09/2021 23:51:08] /goto quinn
[14/09/2021 23:51:08] /goto quinn
[14/09/2021 23:51:09] /goto quinn
[14/09/2021 23:51:09] /goto quinn
[14/09/2021 23:51:09] /goto quinn
[14/09/2021 23:51:09] /goto quinn
[14/09/2021 23:51:09] /goto quinn
[14/09/2021 23:51:09] /goto quinn
[14/09/2021 23:53:16] /goto maaster
[14/09/2021 23:53:21] /goto allisson
[14/09/2021 23:53:28] /c quinn
[14/09/2021 23:59:33] !revert
[15/09/2021 00:04:23] /ghost
[15/09/2021 00:08:04] /ghost
[15/09/2021 12:57:32] /goto malvadao
[15/09/2021 12:57:56] /goto geeh
[15/09/2021 12:58:02] /goto jozys
[15/09/2021 12:59:45] /goto werlich
[15/09/2021 13:02:01] /goto werlich
[15/09/2021 13:03:15] /goto geeh
[15/09/2021 13:03:22] /goto geeh
[15/09/2021 13:03:31] /goto jozys
[15/09/2021 13:03:36] /goto werlich
[15/09/2021 13:03:38] /goto jozys
[15/09/2021 13:03:39] /goto werlich
[27/09/2021 20:15:16] /t
[27/09/2021 20:15:27] /goto quinn
[27/09/2021 20:15:32] /ghost
[27/09/2021 20:15:56] /r
[27/09/2021 20:16:22] /m charizard
[27/09/2021 20:17:24] /t
[27/09/2021 20:17:35] /up
[27/09/2021 20:17:37] /up
[27/09/2021 20:17:44] /up
[27/09/2021 20:17:46] /up
[27/09/2021 20:17:49] /c quinn
[27/09/2021 20:17:58] /m charizard
[27/09/2021 20:19:00] /m charizard
[27/09/2021 20:26:50] /m charizard
[28/09/2021 15:27:38] /m charizard
[28/09/2021 15:28:26] /i 2767
[28/09/2021 15:28:28] /i 2767
[28/09/2021 15:28:31] /i 2767
[28/09/2021 15:28:33] /r
[28/09/2021 15:28:40] /m charizard
[28/09/2021 15:28:52] /i 2767
[28/09/2021 15:28:53] /i 2767
[28/09/2021 15:28:54] /i 2767
[28/09/2021 15:28:55] /i 2767
[28/09/2021 15:28:56] /i 2767
[28/09/2021 15:28:58] /i 2767
[28/09/2021 15:28:59] /i 2767
[28/09/2021 15:29:06] /r
[28/09/2021 15:29:08] /r
[28/09/2021 15:31:21] /i 2768
[28/09/2021 15:31:22] /i 2768
[28/09/2021 15:31:23] /i 2768
[28/09/2021 15:31:36] /i 2768
[28/09/2021 15:31:38] /i 2768
[28/09/2021 15:31:38] /i 2768
[28/09/2021 15:31:40] /i 2768
[28/09/2021 15:31:41] /i 2768
[28/09/2021 15:31:42] /i 2768
[28/09/2021 15:31:43] /i 2768
[28/09/2021 15:31:47] /r
[28/09/2021 15:31:48] /r
[28/09/2021 15:31:49] /r
[28/09/2021 15:31:50] /r
[28/09/2021 15:31:51] /r
[28/09/2021 15:31:52] /i 2768
[28/09/2021 15:31:53] /i 2768
[28/09/2021 15:31:54] /i 2768
[28/09/2021 15:31:55] /i 2768
[28/09/2021 15:31:56] /i 2768
[28/09/2021 15:31:57] /i 2768
[28/09/2021 15:32:03] /m charizard
[28/09/2021 15:32:13] /i 11411
[28/09/2021 15:32:16] /r
[28/09/2021 15:32:22] /i 12344
[28/09/2021 15:34:31] /i 2703
[28/09/2021 15:34:32] /i 2703
[28/09/2021 15:34:33] /i 2703
[28/09/2021 15:34:34] /i 2703
[28/09/2021 15:34:39] /r
[28/09/2021 15:34:40] /r
[28/09/2021 15:34:41] /r
[28/09/2021 15:34:42] /r
[28/09/2021 15:34:52] /i 2767
[28/09/2021 15:34:53] /i 2767
[28/09/2021 15:34:54] /i 2767
[28/09/2021 15:34:55] /i 2767
[28/09/2021 15:35:02] /i 2767
[28/09/2021 15:35:03] /i 2767
[28/09/2021 15:35:03] /i 2767
[28/09/2021 15:35:04] /i 2767
[28/09/2021 15:35:05] /i 2767
[28/09/2021 15:35:06] /i 2767
[28/09/2021 15:35:07] /i 2767
[28/09/2021 15:36:46] /i 12344
[28/09/2021 15:36:53] /m charizard
[28/09/2021 15:37:50] /a 2
[28/09/2021 15:38:02] /a 2
[28/09/2021 15:44:09] /a 2
[28/09/2021 15:44:18] /i 2767
[28/09/2021 15:44:19] /i 2767
[28/09/2021 15:44:20] /i 2767
[28/09/2021 15:44:21] /i 2767
[28/09/2021 15:44:25] /i 2767
[28/09/2021 15:44:26] /i 2767
[28/09/2021 15:44:27] /i 2767
[28/09/2021 15:44:28] /i 2767
[28/09/2021 15:44:28] /i 2767
[28/09/2021 15:44:32] /m charizard
[28/09/2021 15:46:54] /r 3
[28/09/2021 15:47:10] /i 2767
[28/09/2021 15:48:48] /a 2
[28/09/2021 15:49:49] /i 2767
[28/09/2021 15:49:51] /i 2767]
[28/09/2021 15:49:52] /i 2767
[28/09/2021 15:50:02] /i 2767
[28/09/2021 15:50:03] /i 2767
[28/09/2021 15:50:10] /i 2767
[28/09/2021 15:50:11] /i 2767
[28/09/2021 15:50:12] /i 2767
[28/09/2021 15:50:13] /i 2767
[28/09/2021 15:50:47] /addskill level,siffo,200
[28/09/2021 15:50:58] /addskill level,[GM]Siffo,200
[28/09/2021 15:51:02] /addskill level,[GM] Siffo,200
[28/09/2021 15:52:06] /addskill [GM] Siffo, level, 200
[28/09/2021 15:52:24] /i 2767
[28/09/2021 15:53:14] /m charizard
[28/09/2021 15:55:38] /r
[28/09/2021 15:55:44] /m gloom
[28/09/2021 15:55:59] /r
[28/09/2021 15:56:45] /m charizard
[28/09/2021 15:59:24] /c quinn
[28/09/2021 15:59:54] /a 2
[28/09/2021 16:00:19] /m blastoise
[28/09/2021 16:01:29] /a 2
[28/09/2021 16:01:31] /a 2
[28/09/2021 16:02:02] /b s
[28/09/2021 16:02:06] /b SIM
[28/09/2021 16:02:13] /b SIM
[28/09/2021 16:11:00] /r
[28/09/2021 16:15:43] /r
[28/09/2021 16:16:01] /i 2767
[28/09/2021 16:21:17] /a 2
[28/09/2021 16:22:18] /r 2
[28/09/2021 16:22:26] /i 2767
[28/09/2021 16:23:37] /a 2
[28/09/2021 16:25:41] /a 2
[28/09/2021 16:31:01] /goto heracross
[28/09/2021 16:31:10] /goto heracross
[28/09/2021 16:31:11] /goto heracross
[28/09/2021 16:31:11] /goto heracross
[28/09/2021 16:31:41] /goto quinn
[28/09/2021 16:31:50] /a 2
[28/09/2021 16:32:55] /a 2
[28/09/2021 16:34:02] /m charizard
[28/09/2021 16:34:36] /r
[28/09/2021 16:34:49] /a 2
[28/09/2021 16:36:55] /a 2
[28/09/2021 16:37:16] /a 2
[28/09/2021 16:42:03] /c quinn
[28/09/2021 16:43:44] /a 2
[28/09/2021 16:45:00] /m charizard
[28/09/2021 16:51:21] /m charizard
[28/09/2021 16:54:23] /r
[28/09/2021 16:54:27] /r
[28/09/2021 16:54:28] /r
[28/09/2021 16:54:36] /a 2
[28/09/2021 16:56:02] /a 2
[28/09/2021 16:56:39] /a 2
[29/09/2021 19:18:09] /i 2767
[29/09/2021 19:18:13] /i 2767
[29/09/2021 19:18:31] /i 2767
[29/09/2021 19:18:32] /i 2767
[29/09/2021 19:18:33] /i 2767
[29/09/2021 19:18:41] /i 2767
[29/09/2021 19:18:42] /i 2767
[29/09/2021 19:18:44] /i 2767
[29/09/2021 19:18:46] /i 2767
[29/09/2021 19:18:47] /i 2767
[29/09/2021 19:18:48] /i 2767
[29/09/2021 19:19:54] /m charizard
[29/09/2021 19:22:38] /r
[29/09/2021 19:52:47] /i 12346
[29/09/2021 21:40:07] /r 10
[29/09/2021 21:40:08] /r 10
[29/09/2021 21:40:08] /r 10
[29/09/2021 21:40:09] /r 10
[29/09/2021 21:40:09] /r 10
[29/09/2021 21:40:10] /r 10
[29/09/2021 21:40:10] /r 10
[29/09/2021 21:40:11] /r 10
[29/09/2021 21:40:12] /r 10
[29/09/2021 21:40:12] /r 10
[29/09/2021 21:40:20] /r
[29/09/2021 21:40:20] /r
[29/09/2021 21:40:21] /r
[29/09/2021 21:40:21] /r
[29/09/2021 21:40:21] /r
[29/09/2021 21:40:21] /r
[29/09/2021 21:40:21] /r
[29/09/2021 21:40:22] /r
[29/09/2021 21:40:22] /r
[29/09/2021 21:40:22] /r
[29/09/2021 21:40:23] /r
[29/09/2021 21:40:23] /r
[29/09/2021 21:40:23] /r
[29/09/2021 21:40:24] /r
[29/09/2021 21:40:24] /r
[29/09/2021 21:40:25] /r
[29/09/2021 21:40:25] /r
[29/09/2021 21:40:25] /r
[29/09/2021 21:40:25] /r
[29/09/2021 21:40:25] /r
[29/09/2021 21:40:25] /r
[29/09/2021 21:40:26] /r
[29/09/2021 21:40:26] /r
[29/09/2021 21:40:26] /r
[29/09/2021 21:40:26] /r
[29/09/2021 21:40:26] /r
[29/09/2021 21:40:27] /r
[29/09/2021 21:40:27] /r
[29/09/2021 21:40:27] /r
[29/09/2021 21:40:27] /r
[29/09/2021 21:40:27] /r
[29/09/2021 21:40:27] /r
[29/09/2021 21:40:28] /r
[29/09/2021 21:40:28] /r
[29/09/2021 21:40:28] /r
[29/09/2021 21:40:28] /r
[29/09/2021 21:40:28] /r
[29/09/2021 21:40:28] /r
[29/09/2021 21:40:29] /r
[29/09/2021 21:40:29] /r
[29/09/2021 21:40:29] /r
[29/09/2021 21:40:29] /r
[29/09/2021 21:40:29] /r
[29/09/2021 21:40:29] /r
[29/09/2021 21:40:30] /r
[29/09/2021 21:40:30] /r
[29/09/2021 21:40:30] /r
[29/09/2021 21:40:30] /r
[29/09/2021 21:40:30] /r
[29/09/2021 21:40:31] /r
[29/09/2021 21:40:31] /r
[29/09/2021 21:40:31] /r
[29/09/2021 21:40:31] /r
[29/09/2021 21:40:31] /r
[29/09/2021 21:40:31] /r
[29/09/2021 21:40:32] /r
[29/09/2021 21:40:32] /r
[29/09/2021 21:40:32] /r
[29/09/2021 21:40:32] /r
[29/09/2021 21:40:32] /r
[29/09/2021 21:40:32] /r
[29/09/2021 21:40:33] /r
[29/09/2021 21:40:33] /r
[29/09/2021 21:40:33] /r
[29/09/2021 21:40:33] /r
[29/09/2021 21:40:33] /r
[29/09/2021 21:40:33] /r
[29/09/2021 21:40:34] /r
[29/09/2021 21:40:34] /r
[29/09/2021 21:40:34] /r
[29/09/2021 21:40:34] /r
[29/09/2021 21:40:34] /r
[29/09/2021 21:40:35] /r
[29/09/2021 21:40:35] /r
[29/09/2021 21:40:35] /r
[29/09/2021 21:40:35] /r
[29/09/2021 21:40:35] /r
[29/09/2021 21:40:35] /r
[29/09/2021 21:40:36] /r
[29/09/2021 21:40:36] /r
[29/09/2021 21:40:36] /r
[29/09/2021 21:40:36] /r
[29/09/2021 21:40:36] /r
[29/09/2021 21:40:37] /r
[29/09/2021 21:47:03] /r
[29/09/2021 21:47:03] /r
[29/09/2021 21:47:04] /r
[29/09/2021 21:47:04] /r
[29/09/2021 21:47:04] /r
[29/09/2021 21:47:04] /r
[29/09/2021 21:47:04] /r
[01/10/2021 22:04:37] /goto quinn
[01/10/2021 22:48:42] /goto quinn
[01/10/2021 22:48:47] /attr set level 10
[06/10/2021 15:46:53] /goto quinn
[07/10/2021 11:16:04] /town 11
[07/10/2021 11:47:24] /r
[07/10/2021 18:43:59] /r
[07/10/2021 18:46:19] /goto quinn
[07/10/2021 18:47:00] /a 4
[07/10/2021 18:47:10] /goto quinn
[07/10/2021 18:47:20] /a 120
[07/10/2021 18:47:22] /a 130
[07/10/2021 18:47:23] /a 150
[07/10/2021 18:47:25] /a 200
[07/10/2021 18:47:31] /goto quinn
[07/10/2021 18:48:23] /newtype 2308
[07/10/2021 18:48:26] /newtype 2307
[07/10/2021 18:48:28] /newtype 2306
[07/10/2021 18:48:30] /newtype 2305
[07/10/2021 18:48:31] /newtype 2304
[07/10/2021 18:48:32] /newtype 2303
[07/10/2021 18:48:36] /newtype 2303
[07/10/2021 18:48:38] /newtype 2302
[07/10/2021 18:48:40] /newtype 2301
[07/10/2021 18:48:43] /newtype 2300
[07/10/2021 18:48:46] /newtype 2299
[07/10/2021 18:48:48] /newtype 2298
[07/10/2021 18:48:49] /newtype 2297
[07/10/2021 18:48:53] /newtype 2275
[07/10/2021 18:48:56] /newtype 2276
[07/10/2021 18:48:57] /newtype 2277
[07/10/2021 18:48:58] /newtype 2278
[07/10/2021 18:49:01] /newtype 2279
[07/10/2021 18:49:03] /newtype 2280
[07/10/2021 18:49:05] /newtype 2281
[07/10/2021 18:49:06] /newtype 2282
[07/10/2021 18:49:07] /newtype 2283
[07/10/2021 18:49:12] /newtype 2305]
[07/10/2021 18:49:14] /newtype 2305
[07/10/2021 18:49:18] /newtype 2300
[07/10/2021 18:49:19] /newtype 2302
[07/10/2021 18:49:21] /newtype 2303
[07/10/2021 18:49:46] /newtype 2261
[07/10/2021 18:49:52] /newtype 2303
[07/10/2021 18:51:15] /r
[07/10/2021 18:51:18] /r
[07/10/2021 18:51:20] /r
[07/10/2021 18:51:23] /r
[07/10/2021 18:51:26] /r
[07/10/2021 18:52:47] /attr life,0
[07/10/2021 18:53:00] /m arcanine
[07/10/2021 18:53:29] /m shiny arcanine
[07/10/2021 18:53:56] /m shiny growlithe
[07/10/2021 18:54:02] /m growlithe
[07/10/2021 18:58:05] /a 2
[07/10/2021 18:58:17] /a 2
[07/10/2021 18:58:20] /a 2
[15/10/2021 16:50:57] /t
[15/10/2021 16:51:27] /goto quinn
[15/10/2021 16:51:33] /r
[15/10/2021 16:51:44] /r 100
[15/10/2021 16:52:01] /r
[15/10/2021 16:52:02] /r
[15/10/2021 16:52:59] /m mew
[15/10/2021 16:53:03] /r
[15/10/2021 16:56:47] /i ball 20
[15/10/2021 17:02:27] /r
[15/10/2021 17:09:51] /r 500
[15/10/2021 17:09:57] /r 22
[15/10/2021 17:15:50] /r
[15/10/2021 17:18:53] /cliport
[15/10/2021 17:20:26] /goto quinn
[15/10/2021 17:22:25] /t quinn
[15/10/2021 17:22:43] /c quinn
[25/10/2021 12:20:58] /t
[25/10/2021 12:21:03] /town 2
[25/10/2021 12:22:01] /cliport
[25/10/2021 12:22:20] /i 2145
[25/10/2021 12:22:31] /r 600
[25/10/2021 12:23:20] /r all
[25/10/2021 12:23:31] /r all
[25/10/2021 12:24:38] /openserver
[25/10/2021 12:25:04] /openserver
[25/10/2021 12:25:48] /t
[25/10/2021 12:25:49] /t 2
[25/10/2021 12:25:53] /town 2
[25/10/2021 12:26:52] /openserver
[25/10/2021 12:26:56] /openserver
[25/10/2021 12:27:37] /attr setgroup Werlich,1
[25/10/2021 12:28:04] /openserver
[25/10/2021 12:29:20] /attr setboost 100
[25/10/2021 12:29:39] /attr boost 100
[25/10/2021 12:29:48] /attr setlevel,100
[25/10/2021 12:30:26] /attr set level 100
[25/10/2021 12:30:32] /attr set boost 100
[25/10/2021 12:30:43] /attr set name Siffo Vile
[25/10/2021 12:31:07] /attr set level,siffo,200
[25/10/2021 12:31:23] /addskill level 100
[25/10/2021 12:31:29] /addskill level siffo 100
[25/10/2021 12:32:23] /addskill level,siffo,100
[25/10/2021 12:32:39] /addskill level,[GM] Siffo,100
[25/10/2021 12:32:55] /addskill level [GM] Siffo,100
[25/10/2021 12:33:25] /addskill Level 100
[25/10/2021 12:33:35] /addskill Level,[gm]siffo,100
[25/10/2021 12:33:43] /addskill level 100
[25/10/2021 12:33:52] /addskill level [gm]siffo 100
[25/10/2021 12:33:57] /addskill
[25/10/2021 12:34:02] /addskill level,100
[25/10/2021 12:34:34] /addskill level,[GM] Siffo,100
[25/10/2021 12:34:38] /addskill level,[GM] Siffo = 100
[25/10/2021 12:34:39] /addskill level,[GM] Siffo = 100
[25/10/2021 12:34:42] /addskill level,[GM] Siffo 100
[25/10/2021 12:34:45] /addskill level [GM] Siffo 100
[25/10/2021 12:35:00] /addskill level [GM] Siffo
[25/10/2021 12:35:06] /addskill level,[GM] Siffo
[25/10/2021 12:35:26] /addskill level 100
[25/10/2021 12:36:16] /goto charizard
[25/10/2021 12:36:27] /attr health -1000000
[25/10/2021 12:36:32] /attr health -1000000
[25/10/2021 12:36:36] /attr health -1000000
[25/10/2021 12:37:14] /goto charizard
[25/10/2021 12:38:30] /t
[25/10/2021 12:38:50] /town 2
[29/10/2021 23:18:07] /town 11
[29/10/2021 23:25:02] /ghost
[29/10/2021 23:25:07] /goto wikinis
[29/10/2021 23:28:17] /b Qualquer bug que acharem reportem no meu privado ou canal help.
[29/10/2021 23:29:18] /town 2
[29/10/2021 23:29:20] /town 3
[29/10/2021 23:29:21] /town 4
[29/10/2021 23:29:24] /town 5
[29/10/2021 23:29:25] /town 6
[29/10/2021 23:31:12] /ghost
[29/10/2021 23:31:27] /i 2152
[29/10/2021 23:32:16] /town 11
[29/10/2021 23:32:25] /r
[29/10/2021 23:32:37] /r
[29/10/2021 23:32:41] /r
[29/10/2021 23:32:44] /r
[29/10/2021 23:36:01] /r
[29/10/2021 23:40:03] /r
[29/10/2021 23:40:08] /r
[29/10/2021 23:40:28] /town 12
[29/10/2021 23:40:30] /town 11
[29/10/2021 23:40:32] /town 10
[29/10/2021 23:40:34] /town 4
[29/10/2021 23:40:35] /town 5
[29/10/2021 23:40:37] /town 6
[29/10/2021 23:40:50] /goto charizard
[29/10/2021 23:41:31] /addskill level 10
[29/10/2021 23:43:26] /i water gem
[29/10/2021 23:43:46] /addskill 10
[29/10/2021 23:44:10] /addskill level,[GM] Siffo,100
[29/10/2021 23:48:17] /i water stone
[29/10/2021 23:48:24] /i fire stone
[29/10/2021 23:48:26] /i ice stone
[29/10/2021 23:48:33] /i crystal ston
[29/10/2021 23:48:34] /i crystal stone
[29/10/2021 23:48:41] /i leaf stone
[29/10/2021 23:48:45] /i venom stone
[29/10/2021 23:48:56] /t
[29/10/2021 23:48:59] /town 2
[29/10/2021 23:51:51] /i bug gosme
[29/10/2021 23:52:01] /i pair of leaves
[29/10/2021 23:52:10] /i bottle of poison
[29/10/2021 23:52:15] /i seeds
[29/10/2021 23:52:47] /r all
[29/10/2021 23:53:06] /i pot of moss bug
[29/10/2021 23:53:34] /town 11
[29/10/2021 23:53:37] /m krabby
[29/10/2021 23:54:15] /m gyarados tail
[29/10/2021 23:54:38] /m bulb
[29/10/2021 23:54:42] /i bulb
[29/10/2021 23:55:18] /m bat wing
[29/10/2021 23:55:21] /i bat wing
[29/10/2021 23:55:41] /i giant bat wing
[29/10/2021 23:55:48] /i fire tail
[29/10/2021 23:56:04] /i onix tail
[29/10/2021 23:56:38] /i straw
[29/10/2021 23:57:03] /i Crab Claw
[29/10/2021 23:57:47] /i Squirtle Hull
[29/10/2021 23:58:11] /i bone
[29/10/2021 23:58:16] /r
[29/10/2021 23:58:18] /i bone
[29/10/2021 23:58:22] /r
[29/10/2021 23:58:42] /i Scythe
[29/10/2021 23:58:57] /i Gyarados Tail
[29/10/2021 23:59:17] /i Ice Bra
[29/10/2021 23:59:32] /town 11
[29/10/2021 23:59:35] /town 4
[29/10/2021 23:59:57] /town 5
[29/10/2021 23:59:59] /town 6
[30/10/2021 00:02:14] /town 16
[30/10/2021 00:07:29] /newtype 2348
[30/10/2021 00:20:45] /r all
[30/10/2021 00:21:35] /r all
[30/10/2021 00:23:48] /r all
[30/10/2021 00:23:58] /r all
[30/10/2021 00:26:53] /r
[30/10/2021 00:27:21] /r
[30/10/2021 00:30:56] /town 2
[30/10/2021 00:30:59] /cliport
[30/10/2021 00:31:00] /cliport
[30/10/2021 00:33:09] /town 3
[30/10/2021 00:33:10] /town 4
[30/10/2021 00:34:00] /town 6
[30/10/2021 00:34:47] /town 1
[30/10/2021 00:34:49] /town 2
[30/10/2021 00:35:48] /town 1
[30/10/2021 00:35:52] /r  all
[30/10/2021 00:36:32] /goto kiriasu
[30/10/2021 00:37:05] /town 3
[30/10/2021 00:37:12] /c kiriasu
[30/10/2021 00:37:17] /c raichu
[30/10/2021 00:37:35] /i greek costume
[30/10/2021 00:38:17] /goto 1963,1509,7
[30/10/2021 00:38:28] /goto 1000,2253,7
[30/10/2021 00:38:32] /c kiriasu
[30/10/2021 00:38:52] /r all
[30/10/2021 00:39:01] /ghost
[30/10/2021 00:39:02] /t
[30/10/2021 00:39:04] /goto quinn
[30/10/2021 13:21:20] /b Boa tarde, qualquer problema me enviem uma mensagem no privado ou utilizem o canal Help.
[30/10/2021 13:21:46] /town 2
[30/10/2021 13:24:47] /goto caikem
[30/10/2021 13:24:52] /goto gabriel
[30/10/2021 13:24:58] /goto Gabriel
[30/10/2021 13:25:00] /attr health -1000000
[30/10/2021 13:25:09] /goto raon
[30/10/2021 13:29:13] /t
[30/10/2021 13:29:15] /town 11
[30/10/2021 13:29:17] /ghost
[30/10/2021 13:29:25] /goto caikem
[30/10/2021 13:30:08] /ghost
[30/10/2021 13:30:14] /goto raon
[30/10/2021 13:30:35] /goto caikem
[30/10/2021 13:30:40] /goto caikem
[30/10/2021 13:31:17] /goto quinn
[30/10/2021 13:31:19] /goto quinn
[30/10/2021 13:31:31] /goto caikem
[30/10/2021 13:31:34] /ghost
[30/10/2021 13:31:52] /town 11
[30/10/2021 13:31:59] /attr setboost 100
[30/10/2021 13:32:05] /attr set boost 50
[30/10/2021 13:32:10] /attr set level 100
[30/10/2021 13:32:20] /goto caikem
[30/10/2021 13:33:12] /a 2
[30/10/2021 13:34:17] /attr health -1000000
[30/10/2021 13:34:19] /attr health -1000000
[30/10/2021 13:34:20] /attr health -1000000
[30/10/2021 13:34:21] /attr health -1000000
[30/10/2021 13:34:21] /attr health -1000000
[30/10/2021 13:34:23] /attr health -1000000
[30/10/2021 13:34:35] /attr health -1000000
[30/10/2021 13:34:37] /attr health -1000000
[30/10/2021 13:34:38] /attr health -1000000
[30/10/2021 13:34:39] /attr health -1000000
[30/10/2021 13:34:46] /c caikem
[30/10/2021 13:35:07] /attr health -1000000
[30/10/2021 13:36:12] /attr health -1000000
[30/10/2021 13:36:59] /attr health -1000000
[30/10/2021 13:37:08] /attr health -1000000
[30/10/2021 13:37:38] /ghost
[30/10/2021 13:37:40] /goto quinn
[30/10/2021 13:37:44] /goto quinn
[30/10/2021 13:37:45] /ghost
[30/10/2021 13:37:52] /ghost
[30/10/2021 13:38:12] /goto thorfinn
[30/10/2021 13:39:10] /c quinn
[30/10/2021 13:46:45] /goto raon
[30/10/2021 13:46:50] /goto dhenriq
[30/10/2021 13:47:22] /goto dhenriq
[30/10/2021 13:47:34] /goto thorfinn
[30/10/2021 13:47:36] /goto thorfinn
[30/10/2021 13:47:42] /goto gabriel
[30/10/2021 13:48:13] /m shiny snorlax
[30/10/2021 13:48:23] /town 11
[30/10/2021 13:48:28] /goto gabriel
[30/10/2021 13:48:57] /town 11
[30/10/2021 13:48:59] /goto gabriel
[30/10/2021 13:49:00] /town 11
[30/10/2021 13:49:20] /goto gabriel
[30/10/2021 13:51:28] /town 11
[30/10/2021 13:56:03] /town 2
[30/10/2021 13:57:53] /goto caikem
[30/10/2021 13:57:59] /goto lawliet
[30/10/2021 13:58:04] /goto raon
[30/10/2021 13:58:11] /goto dhenriq
[30/10/2021 13:58:16] /goto raon
[30/10/2021 13:58:19] /goto lawliet
[30/10/2021 13:58:22] /goto caikem
[30/10/2021 13:59:11] /goto caikem
[30/10/2021 13:59:25] /goto lawliet
[30/10/2021 13:59:28] /goto raon
[30/10/2021 13:59:47] /town 2
[30/10/2021 19:29:13] /goto wikinis
[30/10/2021 19:29:18] /goto murdock
[30/10/2021 19:30:38] /goto lady murdock
[30/10/2021 19:31:28] /goto littlec
[30/10/2021 19:47:19] /goto F I L O
[30/10/2021 19:52:38] /goto F I L O
[30/10/2021 19:52:43] /goto louzado
[30/10/2021 19:52:47] /goto welich
[30/10/2021 19:52:53] /goto werlich
[30/10/2021 19:58:10] /goto louzado
[30/10/2021 19:59:19] /goto wikinis
[30/10/2021 20:00:25] /goto lady murdock
[30/10/2021 20:00:42] /goto werlich
[30/10/2021 20:50:30] /ghost
[30/10/2021 20:50:31] /town 2
[30/10/2021 20:50:37] /goto quinn
[30/10/2021 20:50:47] /m shiny charizard
[30/10/2021 20:50:53] /m ultra charizard x
[30/10/2021 20:50:54] /m ultra charizard 
[30/10/2021 20:50:59] /m mega charizard x
[30/10/2021 20:51:05] /m mega charizard y
[30/10/2021 20:51:19] /m mega meganium
[30/10/2021 20:51:23] /m mega venusaur
[30/10/2021 20:51:27] /m mega fearow
[30/10/2021 20:51:30] /m mega pidgeot
[30/10/2021 20:51:39] /m mega pidgeot
[30/10/2021 20:51:40] /m mega pidgeot
[30/10/2021 20:51:41] /m mega pidgeot
[30/10/2021 20:51:42] /m mega pidgeot
[30/10/2021 20:51:43] /m mega pidgeot
[30/10/2021 20:51:44] /m mega pidgeot
[30/10/2021 20:51:45] /m mega pidgeot
[30/10/2021 20:51:46] /m mega pidgeot
[30/10/2021 20:51:47] /r
[30/10/2021 20:51:49] /r
[30/10/2021 20:51:53] /r
[30/10/2021 20:51:54] /r
[30/10/2021 20:51:57] /town 2
[30/10/2021 20:51:58] /ghost
[30/10/2021 20:52:02] /goto louzado
[30/10/2021 20:53:21] /goto werlich
[30/10/2021 20:53:32] /goto lady murdock
[30/10/2021 20:55:11] /goto darkray
[30/10/2021 20:55:15] /goto darkray
[30/10/2021 20:55:19] /goto darkray
[30/10/2021 20:55:22] /t
[30/10/2021 20:55:27] /goto quinn
[30/10/2021 20:55:57] /ghost
[30/10/2021 20:58:15] /r
[30/10/2021 20:58:28] /r
[30/10/2021 20:58:40] /town 2
[30/10/2021 20:59:06] /town 3
[30/10/2021 20:59:09] /town 11
[30/10/2021 20:59:12] /goto mixlort
[30/10/2021 20:59:14] /ghost
[30/10/2021 21:07:04] /goto quinn
[30/10/2021 21:07:08] /ghost
[30/10/2021 21:07:18] /newtype 1
[30/10/2021 21:07:24] /newtype 2
[30/10/2021 21:07:25] /newtype 3
[30/10/2021 21:07:26] /newtype 4
[30/10/2021 21:07:31] /newtype 5
[30/10/2021 21:08:32] /newtype 5
[30/10/2021 21:08:33] /newtype 7
[30/10/2021 21:08:35] /newtype 6
[30/10/2021 21:08:36] /newtype 8
[30/10/2021 21:08:38] /newtype 9
[30/10/2021 21:08:39] /newtype 10
[30/10/2021 21:08:41] /newtype 12
[30/10/2021 21:08:42] /newtype 11
[30/10/2021 21:08:43] /newtype 13
[30/10/2021 21:08:44] /newtype 14
[30/10/2021 21:08:45] /newtype 15
[30/10/2021 21:08:46] /newtype 16
[30/10/2021 21:08:47] /newtype 17
[30/10/2021 21:08:50] /newtype 18
[30/10/2021 21:08:52] /newtype 18
[30/10/2021 21:08:54] /newtype 19
[30/10/2021 21:08:55] /newtype 20
[30/10/2021 21:08:57] /newtype 21
[30/10/2021 21:08:58] /newtype 22
[30/10/2021 21:08:59] /newtype 23
[30/10/2021 21:09:00] /newtype 24
[30/10/2021 21:09:01] /newtype 25
[30/10/2021 21:09:03] /newtype 26
[30/10/2021 21:09:05] /newtype 25
[30/10/2021 21:09:10] /goto mixlort
[30/10/2021 21:09:51] /ghost
[30/10/2021 21:09:54] /goto stkbral
[30/10/2021 21:10:22] /goto stkbral
[30/10/2021 21:10:31] /goto louzada
[30/10/2021 21:10:33] /goto louzadi
[30/10/2021 21:10:34] /goto louzado
[30/10/2021 21:10:56] /r
[30/10/2021 21:11:00] /r
[30/10/2021 21:11:32] /m blastoise
[30/10/2021 21:11:35] /goto mixlort
[30/10/2021 21:11:40] /ghost
[30/10/2021 21:12:40] /r
[30/10/2021 21:12:52] /t
[30/10/2021 21:13:10] /goto quinn
[30/10/2021 21:13:20] /attr set boost 1000
[30/10/2021 21:13:25] /attr set level 1000
[30/10/2021 21:14:05] /m charizard
[31/10/2021 13:36:19] /newtype 16
[31/10/2021 13:40:30] /newtype 17
[31/10/2021 13:40:32] /newtype 18
[31/10/2021 13:40:33] /newtype 19
[31/10/2021 13:40:35] /newtype 20
[31/10/2021 13:40:36] /newtype 21
[31/10/2021 13:40:36] /newtype 22
[31/10/2021 13:40:37] /newtype 23
[31/10/2021 13:40:38] /newtype 24
[31/10/2021 13:40:39] /newtype 25
[31/10/2021 13:40:40] /newtype 27
[31/10/2021 13:40:41] /newtype 26
[31/10/2021 13:40:43] /newtype 28
[31/10/2021 13:40:45] /newtype 29
[31/10/2021 13:40:47] /newtype 30
[31/10/2021 13:40:48] /newtype 31
[31/10/2021 13:40:49] /newtype 32
[31/10/2021 13:40:52] /newtype 33
[31/10/2021 13:40:54] /newtype 34
[31/10/2021 13:40:55] /newtype 35
[31/10/2021 13:40:56] /newtype 37
[31/10/2021 13:40:59] /newtype 38
[31/10/2021 13:41:00] /newtype 39
[31/10/2021 13:41:06] /newtype 40
[31/10/2021 13:41:07] /newtype 41
[31/10/2021 13:41:08] /newtype 42
[31/10/2021 13:41:09] /newtype 43
[31/10/2021 13:41:10] /newtype 44
[31/10/2021 13:41:14] /newtype 45
[31/10/2021 13:41:16] /newtype 46
[31/10/2021 13:41:24] /newtype 47
[31/10/2021 13:41:25] /newtype 48
[31/10/2021 13:41:28] /newtype 49
[31/10/2021 13:41:31] /newtype 50
[31/10/2021 13:41:32] /newtype 51
[31/10/2021 13:41:33] /newtype 52
[31/10/2021 13:41:35] /newtype 55
[31/10/2021 13:41:36] /newtype 57
[31/10/2021 13:41:38] /newtype 60
[31/10/2021 13:41:44] /newtype 61
[31/10/2021 13:41:45] /newtype 62
[31/10/2021 13:41:46] /newtype 63
[31/10/2021 13:41:47] /newtype 64
[31/10/2021 13:41:48] /newtype 66
[31/10/2021 13:41:49] /newtype 68
[31/10/2021 13:41:53] /newtype 70
[31/10/2021 13:41:54] /newtype 72
[31/10/2021 13:41:56] /newtype 74
[31/10/2021 13:41:57] /newtype 76
[31/10/2021 13:41:58] /newtype 78
[31/10/2021 13:42:02] /newtype 888
[31/10/2021 13:42:05] /newtype 2435
[31/10/2021 13:42:08] /newtype 2432
[31/10/2021 13:42:10] /newtype 2425
[31/10/2021 13:42:48] /newtype 2345
[31/10/2021 13:42:50] /newtype 2342
[31/10/2021 13:42:52] /newtype 2341
[31/10/2021 13:42:57] /newtype 2340
[31/10/2021 13:43:02] /newtype 2339
[31/10/2021 13:43:04] /newtype 2332
[31/10/2021 13:43:05] /newtype 2331
[31/10/2021 13:43:07] /newtype 2326
[31/10/2021 13:43:08] /newtype 2323
[31/10/2021 13:43:12] /newtype 2316
[31/10/2021 13:43:15] /newtype 2314
[31/10/2021 13:43:16] /newtype 2315
[31/10/2021 13:43:17] /newtype 2313
[31/10/2021 13:43:18] /newtype 2312
[31/10/2021 13:43:19] /newtype 23121
[31/10/2021 13:43:21] /newtype 2311
[31/10/2021 13:43:23] /newtype 2310
[31/10/2021 13:43:26] /newtype 2309
[31/10/2021 13:43:28] /newtype 2308
[31/10/2021 13:43:29] /newtype 2307
[31/10/2021 13:43:31] /newtype 2306
[31/10/2021 13:43:32] /newtype 2305
[31/10/2021 13:43:33] /newtype 2303
[31/10/2021 13:43:35] /newtype 2302
[31/10/2021 13:43:36] /newtype 2303
[31/10/2021 13:48:24] /ghost
[31/10/2021 13:48:31] /goto stkbral
[31/10/2021 13:49:59] /goto gabriel
[31/10/2021 13:51:48] /m shiny wobbuffet
[31/10/2021 13:51:57] /goto werlich
[31/10/2021 13:52:03] /goto lord of ice
[31/10/2021 13:52:44] /attr health -1000000
[31/10/2021 13:52:52] /goto kiriasu
[31/10/2021 13:56:07] /goto lord of ice
[31/10/2021 13:56:18] /r
[04/11/2021 20:03:28] /ghost
[04/11/2021 20:03:39] /town 2
[04/11/2021 20:03:44] /ghost
[04/11/2021 20:03:46] /goto rns
[04/11/2021 20:03:52] /goto sabotage
[04/11/2021 20:03:56] /goto gabriel
[04/11/2021 20:04:21] /m shiny noctowl
[04/11/2021 20:04:24] /goto gabriel
[04/11/2021 20:05:14] /ghost
[04/11/2021 20:06:26] /ghost
[04/11/2021 20:06:38] /goto negret
[04/11/2021 20:06:42] /goto rns
[04/11/2021 20:09:35] /goto rns
[04/11/2021 20:09:42] /ghost
[04/11/2021 20:11:29] /ghost
[04/11/2021 20:11:32] /goto gabriel
[04/11/2021 20:12:30] /goto rns
[04/11/2021 20:13:03] /a 2
[04/11/2021 20:13:08] /c rns
[04/11/2021 20:13:13] /a 2
[04/11/2021 20:13:50] /c rns
[17/11/2021 16:28:32] /goto netomasters
[17/11/2021 16:28:38] /goto sexyfat
[17/11/2021 16:28:47] /t
[17/11/2021 16:28:49] /goto netomasters
[17/11/2021 16:30:29] /goto netomasters
[27/11/2021 22:14:22] /goto darkin
[27/11/2021 22:14:26] /goto darkin
[27/11/2021 22:14:32] /ghost
[27/11/2021 22:19:07] /ghost
[27/11/2021 22:19:11] /goto darkin
[27/11/2021 22:19:13] /goto darkin
[27/11/2021 22:19:51] /goto darkin
[27/11/2021 22:19:52] /goto darkin
[27/11/2021 22:20:43] /goto darkin
[27/11/2021 22:21:19] /b Boa noite, se alguem encontrou algum erro no mapa ou algum bug me chama no privado.
[27/11/2021 22:21:40] /goto darkin
[27/11/2021 22:23:02] /goto darkin
[27/11/2021 22:24:02] /m shiny gengar
[27/11/2021 22:25:05] /goto darkin
[27/11/2021 22:26:15] /ghost
[27/11/2021 22:26:30] /ghost
[27/11/2021 22:26:37] /goto darkin
[27/11/2021 22:26:39] /ghost
[27/11/2021 22:28:12] /ghost
[27/11/2021 22:32:04] /goto alcapone
[27/11/2021 22:33:19] /t
[27/11/2021 22:34:09] /goto alcapone
[27/11/2021 22:35:14] /goto skyyy
[27/11/2021 22:38:13] /goto skyyy
[27/11/2021 22:38:18] /goto luna
[27/11/2021 22:41:58] /b Boa noite, se alguem encontrou algum erro no mapa ou algum bug me chama no privado.
[27/11/2021 22:42:27] /goto luna
[27/11/2021 22:42:31] /goto skyyy
[27/11/2021 22:42:34] /goto darkin
[27/11/2021 22:43:32] /t
[27/11/2021 22:43:37] /town 1
[27/11/2021 22:43:38] /town 2
[27/11/2021 22:43:41] /ghost
[27/11/2021 22:45:00] /ghost
[27/11/2021 22:47:58] /goto darkin
[27/11/2021 22:48:07] /town 11
[27/11/2021 22:53:24] /b Voltando a estudar para o Enem, qualquer coisa da um toque no discord, Bom jogo a todos.
[28/11/2021 21:42:50] /goto quinn
[28/11/2021 21:46:41] /b Boa noite, se alguem encontrou algum bug no mapa reportar no canal "Help".
[28/11/2021 21:49:39] /ghost
[28/11/2021 21:50:37] /r
[28/11/2021 21:50:38] /r
[28/11/2021 21:53:12] /m shiny mewtwo
[28/11/2021 21:54:57] /m mew
[28/11/2021 22:02:40] /r
[28/11/2021 22:03:29] /r
[28/11/2021 22:04:08] /attr set boost 100
[28/11/2021 22:04:12] /attr set level 100
[28/11/2021 22:04:33] /attr set life 0
[28/11/2021 22:04:37] /attr set life 0
[28/11/2021 22:04:40] /attr set life 0
[28/11/2021 22:06:18] /t 2
[28/11/2021 22:06:20] /town 2
[28/11/2021 22:06:30] /c alcapone
[28/11/2021 22:10:15] /goto quinn
[28/11/2021 22:10:17] /c alcapone
[28/11/2021 22:15:33] /goto darkin
[28/11/2021 22:18:07] /attr set level 60
[28/11/2021 22:18:55] /ghost
[28/11/2021 22:19:27] /ghost
[28/11/2021 22:23:38] /ghost
[28/11/2021 22:35:03] /i 12339
[28/11/2021 22:35:08] /i 12339
[28/11/2021 22:35:17] /town 11
[28/11/2021 22:35:19] /town 11
[28/11/2021 22:35:20] /i 12339
[28/11/2021 22:35:21] /i 12339
[28/11/2021 22:35:21] /i 12339
[28/11/2021 22:35:22] /i 12339
[28/11/2021 22:35:22] /i 12339
[28/11/2021 22:35:23] /i 12339
[28/11/2021 22:35:24] /i 12339
[28/11/2021 22:35:24] /i 12339
[28/11/2021 22:35:25] /i 12339
[28/11/2021 22:35:26] /i 12339
[28/11/2021 22:35:27] /i 12339
[28/11/2021 22:35:27] /i 12339
[28/11/2021 22:35:28] /i 12339
[28/11/2021 22:35:28] /i 12339
[28/11/2021 22:35:29] /i 12339
[28/11/2021 22:35:29] /i 12339
[28/11/2021 22:35:30] /i 12339
[28/11/2021 22:35:31] /i 12339
[28/11/2021 22:35:32] /i 12339
[28/11/2021 22:36:18] /i 12339
[28/11/2021 22:37:02] /i 12339
[28/11/2021 22:37:03] /i 12339
[28/11/2021 22:37:03] /i 12339
[28/11/2021 22:37:04] /i 12339
[28/11/2021 22:37:05] /i 12339
[28/11/2021 22:37:05] /i 12339
[28/11/2021 22:37:06] /i 12339
[28/11/2021 22:37:06] /i 12339
[28/11/2021 22:37:07] /i 12339
[28/11/2021 22:37:07] /i 12339
[28/11/2021 22:37:08] /i 12339
[28/11/2021 22:37:08] /i 12339
[28/11/2021 22:37:09] /i 12339
[28/11/2021 22:37:10] /i 12339
[28/11/2021 22:37:10] /i 12339
[28/11/2021 22:37:11] /i 12339
[28/11/2021 22:37:11] /i 12339
[28/11/2021 22:37:12] /town 11
[28/11/2021 22:37:14] /i 12339
[28/11/2021 22:37:14] /i 12339
[28/11/2021 22:37:15] /i 12339
[28/11/2021 22:37:16] /i 12339
[28/11/2021 22:39:28] /attr set level 100
[28/11/2021 22:39:32] /attr set boost 100
[28/11/2021 22:40:08] /r
[28/11/2021 22:40:11] /r
[28/11/2021 22:40:50] /attr set boost 100
[28/11/2021 22:40:52] /attr set level 100
[28/11/2021 22:41:12] /attr set level 100
[28/11/2021 22:41:16] /attr set boost 100
[28/11/2021 22:41:51] /attr set boost 100
[28/11/2021 22:41:53] /attr set level 100
[28/11/2021 22:42:04] /goto quinn
[28/11/2021 22:42:24] /c quinn
[12/12/2021 22:29:19] /town 11
[12/12/2021 22:38:03] /m squirtle
[12/12/2021 22:38:09] /m wartotle
[12/12/2021 22:38:12] /m wartotle
[12/12/2021 22:38:15] /m watortle
[12/12/2021 22:38:33] /m wartotles
[12/12/2021 22:38:34] /m wartotle]
[12/12/2021 22:38:43] /m wartortle
[12/12/2021 22:38:48] /m blastoise
[12/12/2021 22:38:53] /m shiny blastoise
[12/12/2021 23:00:02] /m bulbasaur
[12/12/2021 23:00:12] /m ivysaur
[12/12/2021 23:00:16] /m venusaur
[12/12/2021 23:00:23] /m charmander
[12/12/2021 23:00:27] /m charmeleon
[12/12/2021 23:00:30] /m charizard
[12/12/2021 23:01:11] /m squir/r
[12/12/2021 23:01:13] /m squir/r
[12/12/2021 23:01:14] /r
[12/12/2021 23:01:15] /r
[12/12/2021 23:01:17] /r
[12/12/2021 23:01:27] /r
[12/12/2021 23:01:28] /r
[12/12/2021 23:01:36] /m caterpie
[12/12/2021 23:01:39] /m metapod
[12/12/2021 23:01:43] /m butterfree
[12/12/2021 23:01:54] /m weedle
[12/12/2021 23:01:56] /m kakuna]
[12/12/2021 23:01:57] /m kakuna
[12/12/2021 23:02:02] /m beedrill
[12/12/2021 23:02:20] /m pidgey
[12/12/2021 23:02:23] /m pidgeotto
[12/12/2021 23:02:28] /m pidgeot
[12/12/2021 23:02:40] /m rattata
[12/12/2021 23:02:44] /m raticate
[12/12/2021 23:02:53] /m spearow
[12/12/2021 23:02:57] /m fearow
[12/12/2021 23:03:14] /m ekans
[12/12/2021 23:03:17] /m arbok
[12/12/2021 23:03:28] /m pikachu
[12/12/2021 23:03:30] /m raichy
[12/12/2021 23:03:33] /m raichu
[12/12/2021 23:04:02] /m sandshrew
[12/12/2021 23:04:08] /m sandslash
[12/12/2021 23:04:23] /m nidoran
[12/12/2021 23:04:27] /m nidoran
[12/12/2021 23:04:33] /m nidoran
[12/12/2021 23:04:35] /goto nidoran
[12/12/2021 23:04:39] /m nidorina
[12/12/2021 23:05:05] /m nidorina
[12/12/2021 23:05:08] /r
[12/12/2021 23:05:24] /m nidorin
[12/12/2021 23:05:28] /m nidoqueen
[12/12/2021 23:06:03] /m nidoran
[12/12/2021 23:06:09] /m nidorino
[12/12/2021 23:06:15] /m nidoking
[12/12/2021 23:06:34] /m clefairy
[12/12/2021 23:06:41] /m clefable
[12/12/2021 23:06:48] /m vulpix
[12/12/2021 23:06:52] /m ninetales
[12/12/2021 23:07:08] /m jigglypuff
[12/12/2021 23:07:15] /m wigglytuff
[12/12/2021 23:07:22] /m zubat
[12/12/2021 23:07:25] /m golbat
[12/12/2021 23:07:36] /m oddish
[12/12/2021 23:07:39] /m gloom
[12/12/2021 23:07:44] /m bellossom
[12/12/2021 23:07:47] /m gloom
[12/12/2021 23:07:49] /r
[12/12/2021 23:07:52] /m vilerplume
[12/12/2021 23:07:58] /m vileplume
[12/12/2021 23:08:22] /m paras
[12/12/2021 23:08:34] /m parasect
[12/12/2021 23:08:43] /m venonat
[12/12/2021 23:08:46] /m venomoth
[12/12/2021 23:08:49] /m diglett
[12/12/2021 23:08:52] /m dugtrio
[12/12/2021 23:09:11] /m mewoth
[12/12/2021 23:09:14] /m meowth
[12/12/2021 23:09:19] /m persian
[12/12/2021 23:09:24] /m psyduck
[12/12/2021 23:09:30] /m golduck
[12/12/2021 23:09:33] /m mankey
[12/12/2021 23:09:38] /m primeape
[12/12/2021 23:09:47] /m growlithe
[12/12/2021 23:09:51] /m arcanine
[12/12/2021 23:09:59] /m poliwag
[12/12/2021 23:10:04] /m poliwhirl
[12/12/2021 23:10:08] /m politoed
[12/12/2021 23:10:12] /m poliwrath
[12/12/2021 23:10:17] /m abra
[12/12/2021 23:10:19] /r
[12/12/2021 23:10:21] /m abra
[12/12/2021 23:10:25] /m kadabra
[12/12/2021 23:10:31] /m alakazam
[12/12/2021 23:10:36] /m machop
[12/12/2021 23:10:40] /m machoke
[12/12/2021 23:10:42] /m machamp
[12/12/2021 23:10:49] /m bellsprout
[12/12/2021 23:10:57] /m weepinbell
[12/12/2021 23:11:07] /m victreebel
[12/12/2021 23:11:11] /m tentacool
[12/12/2021 23:11:20] /m tentacruel
[12/12/2021 23:11:23] /m geoduide
[12/12/2021 23:11:24] /m geodude
[12/12/2021 23:11:29] /m gravaler
[12/12/2021 23:11:43] /m graveler
[12/12/2021 23:11:47] /m golem
[12/12/2021 23:11:52] /m ponyta
[12/12/2021 23:11:57] /m rapidash
[12/12/2021 23:12:03] /m slowpoke
[12/12/2021 23:12:07] /m slowking
[12/12/2021 23:12:15] /m slowbro
[12/12/2021 23:12:22] /m magnemite
[12/12/2021 23:12:26] /m magneton
[12/12/2021 23:12:35] /m farfetch"d
[12/12/2021 23:12:43] /m farfetch'd
[12/12/2021 23:12:50] /m doduo
[12/12/2021 23:12:53] /m dodrio
[12/12/2021 23:12:56] /m seel
[12/12/2021 23:13:00] /m dewgong
[12/12/2021 23:13:04] /m grimer
[12/12/2021 23:13:08] /m muk
[12/12/2021 23:13:12] /m shellder
[12/12/2021 23:13:21] /m cloyster
[12/12/2021 23:13:26] /m gasytly
[12/12/2021 23:13:28] /m gastly
[12/12/2021 23:13:31] /m hunter
[12/12/2021 23:13:35] /m haunter
[12/12/2021 23:13:38] /m gengar
[12/12/2021 23:13:44] /m onix
[12/12/2021 23:13:50] /m drowzee
[12/12/2021 23:13:54] /m hypno
[12/12/2021 23:14:11] /m hrabby
[12/12/2021 23:14:13] /m hraby
[12/12/2021 23:14:17] /m krabby
[12/12/2021 23:14:21] /m kingler
[12/12/2021 23:14:25] /m voltorb
[12/12/2021 23:14:30] /m electrode
[12/12/2021 23:14:35] /m exeggcute
[12/12/2021 23:14:41] /m exeggutor
[12/12/2021 23:14:45] /m marawak
[12/12/2021 23:14:50] /m maroak
[12/12/2021 23:14:57] /m marowak
[12/12/2021 23:15:02] /m cubone
[12/12/2021 23:15:11] /m hitmonlee
[12/12/2021 23:15:15] /m hitmonchan
[12/12/2021 23:15:21] /m lickitung
[12/12/2021 23:15:26] /m koffing
[12/12/2021 23:15:30] /m weezinhg
[12/12/2021 23:15:32] /m weezing
[12/12/2021 23:15:44] /m rhyhorn
[12/12/2021 23:15:46] /m rhydon
[12/12/2021 23:15:49] /m chansey
[12/12/2021 23:15:54] /m tangela
[13/12/2021 00:22:44] /t 2
[13/12/2021 00:22:53] /goto one mikawk0two
[13/12/2021 00:22:55] /t 2
[13/12/2021 00:22:56] /town 2
[13/12/2021 00:22:59] /town 1
[13/12/2021 00:23:05] /ghost
[13/12/2021 00:23:21] /town 11
[13/12/2021 00:23:30] /town 11
[13/12/2021 00:23:32] /town 2
[13/12/2021 00:23:34] /town 1
[13/12/2021 00:23:51] /r
