[25/08/2021 05:22:59] /t
[25/08/2021 05:24:48] /t pallet
[25/08/2021 05:39:32] /t
[25/08/2021 05:43:12] /t
[25/08/2021 08:53:40] /t
[25/08/2021 09:13:21] /t 1
[25/08/2021 09:13:24] /t pallet
[25/08/2021 09:13:27] /t 
[25/08/2021 09:17:36] /t
[25/08/2021 09:19:47] /t
[25/08/2021 09:32:39] /t
[25/08/2021 09:45:10] /ghost
[25/08/2021 09:45:12] /ghost
[25/08/2021 12:44:30] /t
[25/08/2021 12:48:46] /t
[25/08/2021 14:11:17] /ghost
[25/08/2021 14:16:13] /t
[25/08/2021 14:16:24] /ghost
[25/08/2021 14:16:30] /ghost
[25/08/2021 14:18:42] /ghost
[26/08/2021 06:03:51] /i fire stone
[26/08/2021 06:22:05] /goto mixlort
[26/08/2021 06:24:09] /cliport
[26/08/2021 06:29:25] /m abra
[26/08/2021 06:29:41] /ghost
[26/08/2021 06:29:42] /ghost
[26/08/2021 06:30:18] /t
[26/08/2021 06:54:00] /t
[26/08/2021 06:55:19] /r
[26/08/2021 06:56:52] /addskill
[26/08/2021 07:01:34] /goto gengar
[26/08/2021 07:03:28] /t
[26/08/2021 07:09:40] /pos
[26/08/2021 07:15:34] /goto mixlort
