[01/07/2022 22:22:03] !megaphone "Vendo Shiny Marowak +18 Timid por 150 DD ou 110 reais pix, qualquer interesse de negociar... Manda Pm!!! "
[11/07/2022 20:17:17] !revert
[11/07/2022 20:17:36] !revert Shiny Jynx
[11/07/2022 20:17:50] !revert Ratatta
[11/07/2022 20:17:57] !revert Pikachu
[11/07/2022 20:18:09] !revert
[11/07/2022 20:27:36] !revert
[11/07/2022 20:43:54] !revert
[12/07/2022 10:06:06] !revert
[12/07/2022 18:29:13] !revert
[12/07/2022 18:47:36] !revert
[12/07/2022 18:47:46] !revert
[15/07/2022 19:30:15] !revert
[15/07/2022 19:43:19] !revert
[15/07/2022 19:56:50] !revert
[16/07/2022 16:02:10] !revert
[16/07/2022 16:02:19] !revert
[16/07/2022 17:10:37] !revert
[17/07/2022 23:35:38] !revert
[22/07/2022 10:14:55] !revert
[23/07/2022 17:10:34] !revert
[23/07/2022 17:10:53] !revert
[23/07/2022 17:20:18] !revert
[23/07/2022 18:37:29] !revert
[23/07/2022 20:50:49] !revert
[23/07/2022 20:51:32] !revert
[23/07/2022 20:51:58] !revert
[23/07/2022 20:53:04] !revert
[23/07/2022 20:56:17] !revert
[23/07/2022 20:56:36] !revert
[23/07/2022 21:06:19] !revert
[23/07/2022 21:16:11] !revert
[23/07/2022 21:39:23] !revert
[23/07/2022 22:01:46] !megaphone "Todo mundo no CP de Saffron e no voice do discord, vai ter evento e uma conversa séria"
[24/07/2022 01:24:59] !revert
[24/07/2022 01:51:40] !revert
[24/07/2022 01:52:04] !revert
[24/07/2022 19:07:24] !revert
[24/07/2022 19:47:42] !revert
[24/07/2022 19:48:08] !revert
[24/07/2022 22:45:51] !revert
[25/07/2022 10:26:35] !revert
[25/07/2022 23:58:28] !revert
[26/07/2022 19:40:23] !revert
[26/07/2022 19:40:38] !revert
[26/07/2022 19:43:57] !revert
[26/07/2022 21:39:52] !revert
[26/07/2022 21:44:37] !revert
[26/07/2022 21:44:47] !revert
[26/07/2022 21:45:05] !revert
[26/07/2022 21:45:08] !revert
[26/07/2022 21:45:09] !revert
[26/07/2022 21:45:10] !revert
[26/07/2022 21:45:12] !revert
[26/07/2022 21:45:13] !revert
[26/07/2022 21:45:14] !revert
[27/07/2022 11:26:28] !revert
[29/07/2022 23:06:18] !revert
[29/07/2022 23:06:23] !revert
[31/07/2022 13:46:04] !revert
