[01/07/2022 21:42:30] /t
[01/07/2022 21:42:50] /ghost
[01/07/2022 21:43:01] /goto the fallen
[01/07/2022 21:43:43] /goto aldebaran
[01/07/2022 21:43:54] /goto zerath
[01/07/2022 21:43:58] /goto mr rochedo
[01/07/2022 21:44:03] /goto primitivotv
[01/07/2022 21:44:13] /goto brunnon
[01/07/2022 21:45:33] /goto dom
[01/07/2022 21:47:28] /goto cyclone
[01/07/2022 21:47:47] /goto mr rochedo
[01/07/2022 21:49:28] /goto athos sp
[01/07/2022 21:49:35] /goto satan the one
[01/07/2022 21:49:51] /goto jb jabels
[01/07/2022 21:50:05] /goto toshibakun
[01/07/2022 21:50:09] /goto pasteleiro
[01/07/2022 21:53:00] /a 
[01/07/2022 21:53:06] /a 
[01/07/2022 21:53:44] /t
[01/07/2022 21:58:47] /t
[02/07/2022 00:21:09] /goto ace
[02/07/2022 00:21:12] /goto cotom
[02/07/2022 00:21:22] /goto maldoso
[02/07/2022 00:21:29] /i diamond
[02/07/2022 00:21:33] /i 2160
[02/07/2022 00:22:00] /goto venancio te odeia
[02/07/2022 00:22:04] /goto dom
[02/07/2022 00:22:08] /goto hoffman
[02/07/2022 00:23:01] /goto skynumb
[02/07/2022 00:23:08] /goto kento  destroyer
[02/07/2022 00:23:12] /goto kento destroyer
[02/07/2022 00:23:32] /goto mitsuri kanroji
[02/07/2022 00:23:40] /goto jb jabels
[02/07/2022 00:23:43] /t
[02/07/2022 00:23:45] /ghost
[02/07/2022 00:24:16] /a 2
[02/07/2022 00:24:22] /a 2
[02/07/2022 00:24:25] /t
[02/07/2022 00:24:33] /cliport
[02/07/2022 00:33:49] /a
[02/07/2022 00:33:53] /a 2
[02/07/2022 00:34:04] /a
[02/07/2022 00:34:19] /ghost
[02/07/2022 00:34:24] /goto satan the one
[02/07/2022 00:36:10] /goto baba boss
[02/07/2022 00:36:13] /goto baba voss
[02/07/2022 00:36:27] /goto lucasledo
[02/07/2022 00:36:37] /goto xxvardoxx
[02/07/2022 00:36:42] /goto brunnon
[02/07/2022 00:36:45] /goto maldoso
[02/07/2022 00:36:46] /t
[02/07/2022 00:36:56] /ghost
[02/07/2022 00:37:12] /t
[02/07/2022 01:18:21] /ghost
[02/07/2022 01:18:25] /goto brother hood
[02/07/2022 01:18:35] /goto baba voss
[02/07/2022 01:18:38] /goto brunnon
[02/07/2022 01:18:41] /goto brunnon
[02/07/2022 01:18:53] /goto kento destroyer
[02/07/2022 01:19:03] /goto lucasledo
[02/07/2022 01:19:14] /goto bronya zaychik
[02/07/2022 01:19:27] /goto omega briza
[02/07/2022 01:19:49] /goto brother hood
[02/07/2022 01:19:53] /goto satan the one
[02/07/2022 01:19:56] /goto satan the one
[02/07/2022 01:20:06] /goto satan the one
[02/07/2022 01:20:10] /goto cotom
[02/07/2022 01:20:20] /goto maldoso
[02/07/2022 01:20:25] /goto venancio te odeia
[02/07/2022 01:20:27] /goto maldoso
[02/07/2022 01:20:29] /goto venancio te odeia
[02/07/2022 01:20:47] /goto dom
[02/07/2022 01:20:58] /goto mitsuri kanroji
[02/07/2022 01:21:40] /ghost
[02/07/2022 01:22:55] /ghost
[02/07/2022 01:22:56] /t
[02/07/2022 01:23:17] /ghost
[02/07/2022 01:23:26] /ghost
[02/07/2022 01:24:20] /goto mitsuri kanroji
[02/07/2022 01:24:51] /m kingler
[02/07/2022 01:25:19] /t
[02/07/2022 01:25:20] /ghost
[02/07/2022 11:24:40] /ghost
[02/07/2022 11:24:44] /goto soh easy
[02/07/2022 11:24:52] /goto kento destroyer
[02/07/2022 11:25:08] /goto kento destroyer
[02/07/2022 11:25:18] /goto dudu do gera
[02/07/2022 11:25:26] /goto baba voss
[02/07/2022 11:25:36] /goto bronya zaychik
[02/07/2022 11:25:47] /goto toshibakun
[02/07/2022 11:27:07] /goto mii xas
[02/07/2022 11:27:13] /goto neco
[02/07/2022 11:27:19] /goto devinn
[02/07/2022 11:27:27] /goto aldebaran
[02/07/2022 11:27:36] /goto mikhail
[02/07/2022 11:27:40] /goto mikhail
[02/07/2022 11:27:46] /goto lawkzm
[02/07/2022 11:27:50] /goto chapetel
[02/07/2022 11:27:52] /t
[02/07/2022 11:27:58] /ghost
[02/07/2022 11:29:56] /goto xatu]
[02/07/2022 11:29:58] /goto xatu
[02/07/2022 11:30:00] /goto xatu
[02/07/2022 11:32:18] /ghost
[02/07/2022 11:32:19] /t
[02/07/2022 11:33:02] /ghost
[02/07/2022 11:33:27] /ghost
[02/07/2022 11:33:30] /goto neco
[02/07/2022 11:33:54] /t
[02/07/2022 11:34:16] /a 
[02/07/2022 11:34:18] /t
[02/07/2022 11:34:40] /i 25245
[02/07/2022 11:35:32] /t
[02/07/2022 11:35:45] /a 
[02/07/2022 11:36:25] /a
[02/07/2022 11:36:31] /a
[02/07/2022 11:36:43] /a
[02/07/2022 11:39:59] /a 
[02/07/2022 11:40:03] /a 
[02/07/2022 11:40:12] /a 
[02/07/2022 11:40:31] /t
[02/07/2022 11:41:00] /t 2
[02/07/2022 11:41:02] /town 2
[02/07/2022 11:41:03] /town 3
[02/07/2022 11:41:14] /t
[02/07/2022 11:43:01] /goto mii xas
[02/07/2022 11:43:04] /t
[02/07/2022 11:47:01] /goto mii xas
[02/07/2022 11:47:05] /ghost
[02/07/2022 11:47:30] /ghost
[02/07/2022 11:47:35] /t
[02/07/2022 11:50:54] /goto mii xas
[02/07/2022 11:50:57] /ghost
[02/07/2022 11:50:58] /goto mii xas
[02/07/2022 11:51:03] /goto mii xas
[02/07/2022 11:51:09] /ghost
[02/07/2022 11:51:09] /t
[02/07/2022 11:51:15] /goto mii xas
[02/07/2022 11:51:23] /goto mii xas
[02/07/2022 11:51:30] /goto Mii Xas
[02/07/2022 11:54:07] /t
[02/07/2022 14:23:34] /goto yreidn
[02/07/2022 14:23:50] /c yreidn
[02/07/2022 14:24:19] /a
[02/07/2022 14:24:23] /a
[02/07/2022 14:24:32] /a
[05/07/2022 21:48:11] /goto teraf
[05/07/2022 21:48:16] /goto xotta
[05/07/2022 21:48:24] /ghost
[05/07/2022 21:48:38] /ghost
[05/07/2022 21:48:55] /goto brunnon aleks
[05/07/2022 21:49:06] /goto pay to see
[05/07/2022 21:49:29] /ghost
[05/07/2022 21:50:10] /ghost
[05/07/2022 21:50:20] /goto maldoso
[05/07/2022 21:50:25] /r
[05/07/2022 21:50:45] /goto russel
[05/07/2022 21:50:54] /goto ghost princess
[05/07/2022 21:51:11] /goto xotta
[05/07/2022 21:51:17] /goto kingjamesbr
