[31/03/2021 19:00:01] !megaphone Quinn é gay
[31/03/2021 19:04:47] /town 1
[31/03/2021 19:04:50] /town 2
[31/03/2021 19:04:53] /town 3
[31/03/2021 19:04:55] /town 4
[31/03/2021 19:04:58] /town 5
[31/03/2021 19:05:00] /town 6
[31/03/2021 19:05:03] /town 7
[31/03/2021 19:05:07] /town inicial
[31/03/2021 19:05:57] /goto 1185,1922,7
[31/03/2021 19:07:45] /town 1
[31/03/2021 19:09:33] /r
[31/03/2021 19:10:30] !megaphone AA
[31/03/2021 19:10:53] !megaphone AA
[31/03/2021 19:10:54] !megaphone AA
[31/03/2021 19:11:35] !megaphone AA
[31/03/2021 19:12:22] /town 1
[31/03/2021 19:13:35] /t
[31/03/2021 19:14:14] /s charmander
[31/03/2021 19:14:16] /m charmander
[31/03/2021 19:14:27] /goto bulbasaur
[31/03/2021 19:14:44] /t
[31/03/2021 19:15:30] /goto 1185,1922,7
[31/03/2021 19:15:52] /m
[31/03/2021 19:15:57] /m shiny oddish
[31/03/2021 19:17:04] /i 2145
[31/03/2021 19:41:16] /r
[31/03/2021 19:44:00] /i 2145
[31/03/2021 19:45:19] /t
[31/03/2021 19:45:39] /a
[31/03/2021 19:45:50] /a 2
[31/03/2021 19:45:57] /a
[31/03/2021 19:46:04] /goto shiny charizard
[31/03/2021 19:46:08] /goto vilerplume
[31/03/2021 19:46:13] /s shiny charizard
[31/03/2021 19:46:19] /m charmander
[31/03/2021 19:46:23] /goto charmander
[31/03/2021 19:46:31] /goto chamander
[31/03/2021 21:36:15] /r 50
[31/03/2021 21:36:19] /goto mixlort
[31/03/2021 21:39:05] /goto chikorita
[31/03/2021 21:42:36] /a 2
[31/03/2021 21:44:17] /a 2
[31/03/2021 21:44:20] /a 2
[31/03/2021 21:46:00] /a 10
[31/03/2021 21:46:04] /a 2
[31/03/2021 21:50:35] !megaphone Quinn viado
[31/03/2021 21:57:16] /a 2
[31/03/2021 21:57:50] /a 2
[31/03/2021 21:58:18] /a 2
[31/03/2021 22:13:23] /r
[31/03/2021 22:21:21] /kick Quinn vaza meno
[31/03/2021 22:34:41] /t
[24/07/2021 12:29:06] !megaphone Quinn gay
[24/07/2021 12:29:18] !megaphone Quinn gay
[24/07/2021 12:29:24] !megaphone Quinn gay
[24/07/2021 12:29:25] !megaphone Quinn gay
[24/07/2021 12:29:28] !megaphone Quinn gay
[24/07/2021 12:38:06] !megaphone me puxa
[24/07/2021 12:38:35] !megaphone me puxa
[24/07/2021 12:38:36] !megaphone me puxa
[15/08/2021 01:46:21] /cliport
[15/08/2021 01:47:04] /a
[15/08/2021 01:47:08] /m oddish
[15/08/2021 01:47:14] /a 2
[15/08/2021 01:47:15] /a 2
[15/08/2021 01:51:40] /r
[15/08/2021 01:52:01] /r
[15/08/2021 01:52:31] /a
[15/08/2021 01:52:33] /a
[15/08/2021 01:52:34] /a
[15/08/2021 01:52:35] /a
[15/08/2021 01:52:36] /a 2
[15/08/2021 01:52:42] /i 2160 1
[15/08/2021 01:52:53] /a
[15/08/2021 01:53:25] /addskill Biel,lvl,100
[15/08/2021 01:53:26] /addskill Biel,lvl,100
[15/08/2021 01:53:27] /addskill Biel,lvl,100
[15/08/2021 01:53:27] /addskill Biel,lvl,100
[15/08/2021 19:41:15] /cliport
[15/08/2021 19:41:28] /cliport
[15/08/2021 19:41:46] /a 10
[15/08/2021 19:41:47] /a 10
[15/08/2021 19:41:49] /a 10
[15/08/2021 19:41:51] /a 5
[15/08/2021 19:41:57] /a 2
[15/08/2021 19:42:01] /goto quinn
[15/08/2021 19:43:05] /goto quinn
[15/08/2021 19:43:15] /a 
[15/08/2021 19:43:16] /a
[15/08/2021 19:43:17] /a
[15/08/2021 19:43:17] /a
[15/08/2021 19:43:20] /t
[15/08/2021 19:43:33] /c quinn
[15/08/2021 19:43:52] /goto mix lort
[19/08/2021 18:59:59] /goto quinn
[19/08/2021 19:00:52] /i boost stone 10
[19/08/2021 19:01:07] /goto quinn
[19/08/2021 19:05:35] /r
[19/08/2021 19:10:40] /c quinn
[19/08/2021 19:19:30] /r
[19/08/2021 19:19:36] /r 98
[20/08/2021 17:40:54] /m Charmander
