[25/08/2021 09:45:30] !revert
[25/08/2021 09:53:00] !revert
[25/08/2021 09:53:44] !revert
[25/08/2021 10:01:14] !revert
[25/08/2021 10:05:21] !revert
[25/08/2021 10:13:56] !revert
[25/08/2021 10:28:22] !revert
[25/08/2021 10:34:46] !revert
[25/08/2021 10:39:38] !revert
[25/08/2021 10:41:46] !revert
[25/08/2021 10:42:03] !revert
[25/08/2021 11:00:07] !revert
[25/08/2021 11:15:04] !revert
[25/08/2021 11:20:54] !revert
[25/08/2021 11:29:39] !revert
[25/08/2021 13:36:38] !revert
[25/08/2021 13:43:16] !revert
[25/08/2021 14:49:11] !revert
[25/08/2021 14:49:26] !revert
[25/08/2021 15:25:59] !revert
[25/08/2021 15:43:43] !revert
[25/08/2021 16:11:04] !revert
[25/08/2021 16:11:06] !revert
[30/08/2021 17:45:29] /pos
[30/08/2021 20:17:39] !revert
[01/09/2021 15:48:20] !revert
[01/09/2021 15:56:34] !revert
[01/09/2021 16:15:52] !revert
[01/09/2021 16:26:17] !revert
[01/09/2021 16:59:51] !revert
[01/09/2021 17:11:52] !revert
[01/09/2021 17:16:20] !revert
[01/09/2021 17:29:06] /pos
[02/09/2021 18:20:05] !revert
[02/09/2021 18:35:37] !revert
[03/09/2021 20:48:58] !revert
[03/09/2021 20:51:54] !revert
[06/09/2021 15:34:29] !megaphone Compro Shiny Essences
[06/09/2021 15:35:31] !megaphone Compro Shiny Essences
[06/09/2021 15:53:03] !megaphone Buy Essences Shiny
[06/09/2021 16:00:51] !megaphone Compro Essense Shiny
[06/09/2021 16:16:08] !megaphone Compro Essence Shiny
[06/09/2021 16:22:49] !megaphone Compro Essence Shiny
[06/09/2021 19:49:10] !megaphone Compro Essence Shiny
[06/09/2021 19:57:32] !revert
[06/09/2021 20:00:29] !megaphone Compro Shiny Essence
[07/09/2021 09:04:37] !megaphone Compro Essence Shiny
[07/09/2021 09:07:12] !revert
[07/09/2021 09:07:15] !revert
[07/09/2021 09:07:27] !revert
[07/09/2021 09:09:54] !revert
[07/09/2021 09:14:56] !revert
[07/09/2021 09:16:07] !megaphone Compro Essence Shiny
[07/09/2021 09:48:55] !megaphone Compro Shiny Essence
[07/09/2021 09:52:25] !revert
[07/09/2021 11:36:55] !megaphone Compro Essense Shiny
[07/09/2021 12:02:22] !megaphone Compro Shiny Essence
[07/09/2021 12:29:24] !megaphone Compro Essence Shiny
[07/09/2021 12:30:11] !megaphone Compro Essence Shiny
[07/09/2021 12:35:11] /pos
[07/09/2021 13:11:09] !megaphone Compro Essence Shiny
[07/09/2021 13:57:30] !megaphone algum adm on ? to preso
[07/09/2021 15:22:54] !megaphone Algum adm on ?
[07/09/2021 15:25:23] !megaphone compro Essence Shiny
[07/09/2021 15:26:19] !revert
[07/09/2021 15:26:21] !revert
[07/09/2021 15:26:22] !revert
[07/09/2021 15:26:27] !revert
[07/09/2021 15:26:28] !revert
[08/09/2021 19:39:37] !revert
[09/09/2021 20:19:10] !revert
[09/09/2021 21:15:28] !megaphone Alguem tem 1 drowze ai ?
[10/09/2021 19:00:42] !megaphone Bo noite
[10/09/2021 19:01:28] !megaphone Alguem tem 1 magikarp lvl 10 pra vender ?
[10/09/2021 19:06:21] !megaphone o carinha que tava me mandando msg, tem como manda dnv ? caiu aq
[11/09/2021 12:48:02] !megaphone Salve 
[11/09/2021 15:31:38] !megaphone salve
[11/09/2021 20:11:59] !megaphone Salve
[12/09/2021 10:56:50] !megaphone SALVE
[12/09/2021 20:23:08] !megaphone Salvee
[13/09/2021 18:06:10] !revert
[13/09/2021 18:06:27] !megaphone Salve
[13/09/2021 18:07:34] !megaphone Compro Addon Box
[13/09/2021 21:26:47] !megaphone Salvee
[13/09/2021 21:27:51] !megaphone abre o game-chat ai glr
[13/09/2021 21:41:53] !megaphone alguem ja dropou ancient ?
[13/09/2021 21:48:37] !megaphone compro wobbuffet
[14/09/2021 18:32:09] !megaphone troco alguma stone por venom stone
[14/09/2021 18:39:44] /pos
[15/09/2021 07:32:56] !megaphone salve
[15/09/2021 15:13:15] !megaphone alguem sabe se apareceu a msg do dark ?
[01/11/2021 18:44:27] !megaphone PAI TA ON
[24/11/2021 17:06:51] !megaphone PAAI TA ON
[24/11/2021 17:08:55] !megaphone alguem quer algo ?]
