[05/06/2022 10:59:08] /i diamond
[05/06/2022 10:59:20] /m Electabuzz
[05/06/2022 11:00:55] /i
[05/06/2022 11:01:02] /i 2160
[05/06/2022 11:01:10] /c shiny ditto
[05/06/2022 11:01:22] /b shiny ditto
[05/06/2022 11:01:32] /b oiiii
[07/06/2022 18:55:46] !revert
[11/06/2022 05:54:36] !revert
[11/06/2022 05:54:39] !revert
[11/06/2022 06:05:05] !revert
[11/06/2022 06:08:53] !revert
[11/06/2022 06:21:05] !revert
[11/06/2022 09:29:23] !revert
[11/06/2022 09:29:25] !revert
[11/06/2022 16:37:49] !revert
[11/06/2022 21:12:07] !revert
[11/06/2022 21:12:35] !revert
[12/06/2022 11:14:24] !revert
[12/06/2022 16:06:14] !revert
[16/06/2022 10:02:59] !revert
[23/06/2022 11:45:58] !revert
