[31/01/2021 15:05:39] /i revive
[31/01/2021 15:06:35] /i revive
[31/01/2021 15:06:42] /i 12346
[31/01/2021 15:06:51] /addskill lord of ice,1
[31/01/2021 15:07:01] /addskill lvl,lord of ice,1
[31/01/2021 15:07:09] /addskill lord of ice,lvl,1
[31/01/2021 15:09:23] /i revive
[31/01/2021 19:22:06] /i 2145
[31/01/2021 19:24:57] /i medicine
[21/03/2021 21:15:10] /i revive
[21/03/2021 21:15:12] /i revive,30
[21/03/2021 21:15:16] /r
[21/03/2021 21:15:17] /r all
[21/03/2021 21:15:25] /i great potion,30
[21/03/2021 21:15:30] /i great potion,40
[21/03/2021 21:16:00] /i 2145,10
[21/03/2021 21:21:30] /r
[21/03/2021 21:21:32] /r
[21/03/2021 21:23:08] /up
[21/03/2021 21:40:32] /up
[21/03/2021 21:41:26] /up
[21/03/2021 21:41:32] /m rattata
[21/03/2021 21:42:28] /m rattata
[21/03/2021 21:43:12] /up
[21/03/2021 21:43:17] /m rattata
[21/03/2021 21:45:06] /m rattata
[21/03/2021 21:45:20] /m rattata
[21/03/2021 21:47:58] /m rattata
[21/03/2021 21:47:59] /m rattata
[21/03/2021 21:48:08] /m rattata
[21/03/2021 21:48:10] /m rattata
[21/03/2021 21:48:18] /m rattata
[21/03/2021 21:48:51] /m rattata
[21/03/2021 21:48:52] /m rattata
[21/03/2021 21:49:14] /m rattata
[21/03/2021 21:49:15] /m rattata
[21/03/2021 21:49:24] /m rattata
[21/03/2021 21:49:33] /m rattata
[21/03/2021 22:49:00] /cliport
[21/03/2021 22:49:26] /i particle
[21/03/2021 22:49:28] /i particle aura
[21/03/2021 22:49:44] /i 19614
[21/03/2021 22:50:27] /r
[21/03/2021 22:50:29] /r
[21/03/2021 22:50:39] /cliport
[21/03/2021 22:50:41] /r
[21/03/2021 22:52:53] /r
[21/03/2021 22:53:37] /a 2
[21/03/2021 22:53:38] /a
[21/03/2021 22:53:47] /m rattata
[21/03/2021 22:53:49] /r
[21/03/2021 22:53:56] /i medicine
[21/03/2021 22:54:53] /up
[21/03/2021 22:55:24] /up
[21/03/2021 22:55:28] /r
[21/03/2021 22:56:30] /r
[21/03/2021 23:43:47] /r
[22/03/2021 00:47:08] /up
[22/03/2021 12:29:50] /m magmar
[22/03/2021 12:32:35] /up
[22/03/2021 12:35:37] /a 2
[22/03/2021 12:35:38] /r
[22/03/2021 12:36:01] /up
[22/03/2021 12:36:11] /attr health -1100
[22/03/2021 12:36:20] /up
[22/03/2021 12:36:44] /attr health -1100
[22/03/2021 12:36:46] /attr health -1100
[22/03/2021 12:36:47] /attr health -1100
[22/03/2021 12:36:48] /attr health -1100
[22/03/2021 12:37:00] /attr health -110
[22/03/2021 12:37:03] /attr health -110
[22/03/2021 12:37:04] /attr health -110
[22/03/2021 12:37:05] /attr health -110
[22/03/2021 12:37:06] /attr health -110
[22/03/2021 12:37:10] /attr health -110
[22/03/2021 12:37:12] /attr health -110
[22/03/2021 12:37:13] /attr health -110
[22/03/2021 12:37:20] /attr health -110
[22/03/2021 12:37:22] /attr health -110
[22/03/2021 12:37:31] /attr health -110
[22/03/2021 12:42:08] /m venusaur
[22/03/2021 12:44:36] /up
[22/03/2021 12:44:39] /m rattata
[22/03/2021 12:59:49] /m rattata
[22/03/2021 13:16:07] /up
[22/03/2021 13:16:19] /m rattata
[22/03/2021 13:26:53] /m abra
[22/03/2021 13:26:57] /r
[22/03/2021 13:27:01] /m rattata
[22/03/2021 13:29:14] /up
[22/03/2021 13:31:59] /r
[22/03/2021 13:32:01] /r
[22/03/2021 13:32:04] /r
[22/03/2021 13:35:57] /r
[22/03/2021 13:36:01] /r
[22/03/2021 13:36:16] /r
[22/03/2021 13:36:41] /up
[22/03/2021 13:37:01] /attr health -20000
[22/03/2021 13:37:12] /attr health -10000
[22/03/2021 13:37:15] /attr health -10000
[22/03/2021 13:37:23] /attr health -1000
[22/03/2021 13:37:25] /attr health -1000
[22/03/2021 13:38:09] /m rattata
[22/03/2021 13:40:57] /r
[22/03/2021 13:48:11] /m magmar
[22/03/2021 13:48:26] /r
[22/03/2021 13:48:31] /m rattata
[22/03/2021 13:48:32] /m rattata
[22/03/2021 13:48:33] /m rattata
[22/03/2021 13:48:34] /m rattata
[22/03/2021 13:48:45] /m zubat
[22/03/2021 13:50:18] /r
[22/03/2021 13:51:38] /r
[22/03/2021 13:52:45] /attr health -8000
[22/03/2021 13:53:59] /r
[22/03/2021 13:54:24] /attr health -11900
[22/03/2021 13:54:52] /attr health -11000
[22/03/2021 13:55:02] /m rattata
[22/03/2021 13:55:04] /m rattata
[22/03/2021 13:55:10] /m rattata
[22/03/2021 13:55:14] /m rattata
[22/03/2021 13:56:28] /attr health -11000
[22/03/2021 13:57:40] /attr health -11000
[22/03/2021 13:57:46] /attr health -110
[22/03/2021 13:57:48] /attr health -110
[22/03/2021 13:57:49] /attr health -110
[22/03/2021 14:00:09] /r
[22/03/2021 14:01:27] /up
[22/03/2021 14:01:36] /up
[22/03/2021 14:02:48] /up
[22/03/2021 14:22:52] /town 1
[22/03/2021 14:30:24] /attr set level 50
[22/03/2021 14:30:39] /attr set level 20
[22/03/2021 14:31:40] /attr set level 20
[22/03/2021 14:31:51] /attr set level 3
[22/03/2021 14:41:36] /r
[22/03/2021 14:41:38] /r
[22/03/2021 14:41:41] /r
[22/03/2021 14:44:16] /i revive
[22/03/2021 14:48:19] /town 1
[22/03/2021 14:51:05] /a 500
[22/03/2021 14:51:07] /a 100
[22/03/2021 14:51:45] /town 2
[22/03/2021 14:51:48] /town 
[22/03/2021 14:51:50] /town 1
[22/03/2021 14:52:00] /a 50
[22/03/2021 14:52:25] /town 2
[22/03/2021 14:52:28] /a 500
[22/03/2021 14:52:30] /a 100
[22/03/2021 14:52:31] /a 100
[22/03/2021 14:52:37] /cliport
[22/03/2021 14:53:55] /a 1
[22/03/2021 14:53:58] /a 5
[22/03/2021 14:55:20] /town 1
[22/03/2021 15:03:03] /town 1
[22/03/2021 15:03:21] /a 50
[22/03/2021 15:03:57] /a 5
[22/03/2021 19:30:26] /up
[22/03/2021 21:23:49] /i bike
[22/03/2021 21:23:53] /i 2145,10
[23/03/2021 01:20:01] /i pokeball
[24/03/2021 13:34:53] /i revive
[24/03/2021 13:34:58] /i ultra potion
[24/03/2021 13:35:01] /i ultra ball
[24/03/2021 13:35:09] /save
[24/03/2021 15:25:26] /up
[24/03/2021 15:26:09] /t
[24/03/2021 22:52:01] /reload talk
[24/03/2021 22:52:03] /reload talk
[25/03/2021 01:29:00] /reload talk
[25/03/2021 01:29:05] /reload talk
[25/03/2021 17:23:31] /i 2160
[25/03/2021 17:23:37] /reload talk
[25/03/2021 17:56:47] /i 2145
[25/03/2021 19:35:56] /m shiny abra
[25/03/2021 21:55:42] /r
[26/03/2021 22:03:07] /i fire stone,10
[26/03/2021 22:03:34] /addskill lord of ice,lvl,10
[26/03/2021 22:03:35] /addskill lord of ice,lvl,10
[26/03/2021 22:03:36] /addskill lord of ice,lvl,10
[26/03/2021 23:20:37] /i enigma stone
[26/03/2021 23:21:36] /addskill lord of ice,lvl,40
[26/03/2021 23:22:21] /addskill lord of ice,lvl,40
[29/03/2021 08:16:49] /i revive
[29/03/2021 08:16:51] /i 2145
[29/03/2021 18:02:08] /cliport
[31/03/2021 00:36:40] /i 12330
[31/03/2021 01:40:44] /i 12330
[31/03/2021 01:40:53] /i 14583
[31/03/2021 01:42:26] /attr sset action 14583
[31/03/2021 01:42:39] /attr set action 14583
[31/03/2021 01:42:58] /attr action 14583
[31/03/2021 16:56:46] /town 2
[31/03/2021 16:58:00] /t
[31/03/2021 17:21:52] /town 2
[31/03/2021 17:24:24] /t
[31/03/2021 17:28:40] /rename Mixlort,Mixlorttt
[31/03/2021 17:29:03] /rename Lord Of Ice,Mixlort
[02/04/2021 01:20:43] /attr set level 1
[03/04/2021 00:18:09] /addskill lord of ice,lvl,10
[03/04/2021 00:18:23] /attr set level 10
[03/04/2021 00:18:25] /attr set level 10
[03/04/2021 00:18:27] /attr set level 10
[03/04/2021 00:18:29] /attr set level 10
[03/04/2021 00:18:32] /attr set level 10
[03/04/2021 00:18:34] /attr set level 10
[03/04/2021 00:21:50] /i fire stone
[03/04/2021 00:21:59] /r
[03/04/2021 00:36:08] /m charmander
[03/04/2021 00:42:53] /reload ac
[05/04/2021 10:04:00] /down
[05/04/2021 10:04:07] /cliport
[05/04/2021 10:04:45] /t
[05/04/2021 10:05:47] /down
[05/04/2021 10:05:50] /up
[05/04/2021 10:06:29] /up
[05/04/2021 10:06:31] /down
[05/04/2021 10:06:32] /down
[05/04/2021 10:06:34] /down
[05/04/2021 10:06:36] /down
[05/04/2021 23:54:00] /reload Lord of ice, Mixlortt
[05/04/2021 23:54:06] /rename Lord of ice, Mixlortt
[29/04/2021 23:21:03] /i 2145
[29/04/2021 23:26:21] /t
[30/04/2021 13:15:40] /t
[18/05/2021 17:29:14] /goto quinn
[18/05/2021 17:34:30] /n mark
[18/05/2021 17:34:38] /r
[18/05/2021 17:42:58] /goto quinn
[18/05/2021 17:43:13] /r
[18/05/2021 17:44:39] /n mark
[18/05/2021 17:47:36] /goto quinn
[18/05/2021 17:59:58] /goto quinn
[18/05/2021 18:02:08] /goto quinn
[18/05/2021 18:02:30] /goto quinn
[18/05/2021 18:05:53] /t
[18/05/2021 18:09:53] /kick quinn
[18/05/2021 22:30:31] /i 17871
[18/05/2021 22:30:47] /i 17871
[18/05/2021 22:30:55] /i 23454
[18/05/2021 22:38:37] /i 12402
[18/05/2021 22:39:27] /i 2140
[18/05/2021 22:39:32] /newtype 2140
[18/05/2021 22:39:36] /newtype 2139
[18/05/2021 22:39:39] /newtype 2140
[18/05/2021 22:44:28] /newtype 302
[18/05/2021 22:44:33] /newtype 300
[18/05/2021 22:44:36] /newtype 301
[18/05/2021 23:34:11] /i 23453
[18/05/2021 23:34:11] /i 23453
[18/05/2021 23:34:11] /i 23453
[18/05/2021 23:34:12] /i 23453
[18/05/2021 23:34:12] /i 23453
[18/05/2021 23:34:13] /i 23453
[18/05/2021 23:34:38] /i 23453
[18/05/2021 23:34:38] /i 23453
[18/05/2021 23:34:39] /i 23453
[18/05/2021 23:34:39] /i 23453
[18/05/2021 23:34:40] /i 23453
[18/05/2021 23:35:00] /i 23452
[18/05/2021 23:35:26] /cliport
[18/05/2021 23:35:33] /a
[18/05/2021 23:35:34] /a 2
[18/05/2021 23:35:37] /a 2
[18/05/2021 23:35:52] /i 20240
[18/05/2021 23:35:56] /i 20241
[18/05/2021 23:35:59] /i 20242
[18/05/2021 23:36:07] /i 20239
[18/05/2021 23:36:14] /r
[18/05/2021 23:36:15] /r
[18/05/2021 23:36:18] /i 20242
[18/05/2021 23:36:21] /i 20241
[18/05/2021 23:36:30] /i 20243
[18/05/2021 23:36:33] /r
[18/05/2021 23:36:41] /town 1
[18/05/2021 23:37:03] /i 20005
[18/05/2021 23:37:06] /town 2
[18/05/2021 23:37:13] /a 2
[18/05/2021 23:37:16] /i 20005
[18/05/2021 23:37:18] /i 20005
[18/05/2021 23:37:19] /r
[18/05/2021 23:37:20] /r
[18/05/2021 23:37:21] /i 20005
[18/05/2021 23:37:24] /i 20006
[18/05/2021 23:37:26] /r
[18/05/2021 23:37:28] /i 20004
[18/05/2021 23:37:31] /i 20003
[18/05/2021 23:37:33] /i 20002
[18/05/2021 23:37:45] /i 20006
[18/05/2021 23:37:47] /i 20007
[18/05/2021 23:37:53] /i 20008
[18/05/2021 23:37:56] /i 20009
[18/05/2021 23:40:12] /i 11790
[18/05/2021 23:40:33] /r
[18/05/2021 23:40:43] /i 11790
[18/05/2021 23:40:52] /r
[18/05/2021 23:41:08] /i 11792
[18/05/2021 23:41:32] /r
[18/05/2021 23:41:33] /i 11791
[18/05/2021 23:41:41] /r
[18/05/2021 23:41:43] /i 11790
[18/05/2021 23:41:45] /r
[18/05/2021 23:41:49] /i 11792
[18/05/2021 23:41:51] /r
[18/05/2021 23:41:55] /i 11792
[18/05/2021 23:42:39] /r
[18/05/2021 23:42:43] /i 11800
[18/05/2021 23:46:20] /r
[18/05/2021 23:46:31] /i 17000
[18/05/2021 23:46:45] /i 16999
[18/05/2021 23:51:03] /r
[23/05/2021 18:14:37] /cliport
[29/07/2021 03:58:25] /i 2145,50
[29/07/2021 03:58:58] /save
[03/08/2021 07:15:36] /town 1
[03/08/2021 07:17:37] /t
[03/08/2021 07:18:34] /n hugh
[03/08/2021 07:41:24] /reload global
[03/08/2021 07:46:51] /town 1
[03/08/2021 07:50:32] /t
[03/08/2021 07:51:46] /town 1
[03/08/2021 07:52:28] /t
[03/08/2021 08:04:21] /r
[03/08/2021 08:10:46] /n hugh
[03/08/2021 08:14:56] /r
[03/08/2021 08:37:53] /n hugh
[16/08/2021 01:20:52] /t
[16/08/2021 01:20:55] /town 1
[16/08/2021 20:25:36] /i 2145
[17/08/2021 00:03:13] /i 17871
[17/08/2021 21:41:15] /goto mixlort
[18/08/2021 17:09:42] /m shiny charizard
[18/08/2021 19:51:15] /m shiny groudon
[18/08/2021 19:51:20] /m shiny kyogre
[18/08/2021 19:51:31] /m kyogre
[18/08/2021 19:51:58] /m shiny gengar
[18/08/2021 19:55:44] /n nurse
[18/08/2021 19:55:48] /n Nurse
[18/08/2021 19:56:05] /town 1
[18/08/2021 20:20:37] /m shiny tangela
[24/08/2021 12:35:35] /i 2145,100
[24/08/2021 12:42:50] /r
[24/08/2021 12:42:52] /r
[24/08/2021 12:42:54] /r
[24/08/2021 12:43:00] /r
[24/08/2021 12:43:01] /r
[24/08/2021 12:57:33] /reload talk
[24/08/2021 13:39:06] /reload ac
[24/08/2021 13:39:08] /reload talk
[24/08/2021 13:39:09] /save
[25/08/2021 00:40:36] /addskill lord of ice,lvl,15
[25/08/2021 01:14:47] /closeserver
[25/08/2021 01:50:12] /closeserver
[25/08/2021 02:01:48] /i 14583
[25/08/2021 07:34:12] /r
[25/08/2021 07:34:31] /addskill lord of ice,lvl,1
[25/08/2021 08:54:07] /reload ac
[25/08/2021 08:54:08] /reload talk
[25/08/2021 08:54:09] /save
[25/08/2021 08:56:30] /goto gloom
[25/08/2021 08:57:14] /reload talk
[25/08/2021 08:57:15] /reload ac
[25/08/2021 09:02:59] /i venom stone
[25/08/2021 09:03:07] /r all
[25/08/2021 09:06:00] /reload ac
[25/08/2021 09:06:02] /reload talk
[25/08/2021 09:06:21] /r
[25/08/2021 10:08:05] /t
[26/08/2021 13:58:56] /i 2145,50
[26/08/2021 14:01:40] /i 2145
[26/08/2021 14:01:45] /r all
[26/08/2021 14:03:32] /r all
[26/08/2021 14:11:07] /c newt
[26/08/2021 14:11:12] /attr group 1
[26/08/2021 14:11:12] /r
[26/08/2021 14:12:14] /i horn
[26/08/2021 14:12:17] /i bitten apple
[26/08/2021 14:12:20] /i biten apple
[26/08/2021 14:13:21] /a
[26/08/2021 14:13:25] /r all
[26/08/2021 14:13:31] /r all
[26/08/2021 14:17:08] /save
[26/08/2021 14:17:11] /shutdown
[26/08/2021 14:17:14] /shutdown
[26/08/2021 14:18:34] /c nawt
[26/08/2021 14:18:47] /c newt
[26/08/2021 14:18:50] /attr group 3
[26/08/2021 14:18:53] /t newt
[26/08/2021 14:19:00] /closeserver
[26/08/2021 14:19:20] /closeserver
[30/08/2021 13:08:21] /i 2145,50
[31/08/2021 18:31:10] /rename Lord Of Ice, Lorddd
[31/08/2021 18:31:12] /r
[03/09/2021 02:03:43] /i 2145,50
[03/09/2021 02:04:24] /r al
[03/09/2021 02:04:26] /r 
[03/09/2021 02:04:27] /r 
[03/09/2021 02:04:28] /r 
[03/09/2021 02:04:28] /r 
[03/09/2021 02:04:29] /r 
[03/09/2021 02:42:49] /save
[03/09/2021 02:42:50] /shutdown
[03/09/2021 14:30:41] /save
[03/09/2021 14:30:44] /reload ac
[03/09/2021 14:30:46] /reload talk
[03/09/2021 14:31:07] /i 2145,100
[03/09/2021 14:31:24] /t
[03/09/2021 14:31:27] /t
[03/09/2021 14:31:29] /r
[03/09/2021 14:35:33] /reload ac
[03/09/2021 14:35:36] /reload talk
[03/09/2021 14:35:54] /reload ac
[03/09/2021 14:36:16] /reload ac
[03/09/2021 14:36:19] /reload talk
[03/09/2021 14:36:21] /reload ac
[03/09/2021 14:37:58] /i 2145,100
[03/09/2021 14:41:07] /town 11
[03/09/2021 14:41:13] /c ashkashi
[03/09/2021 14:41:21] /m gloom
[03/09/2021 14:41:24] !revert
[03/09/2021 14:41:31] /r
[03/09/2021 14:41:33] /r
[03/09/2021 15:07:18] /b Servidor reiniciando em 3 minutos para testes sobre o ditto!
[04/09/2021 07:20:38] /t
[06/09/2021 01:46:36] /i 2145
[06/09/2021 01:59:14] /pos
[06/09/2021 02:03:38] !revert
[14/09/2021 15:28:43] /pos
[14/09/2021 15:31:17] !revert
[14/09/2021 15:47:58] !revert
[14/09/2021 16:07:05] !revert
[14/09/2021 16:11:14] !revert
[14/09/2021 16:25:39] /pos
[14/09/2021 16:51:02] !revert
[14/09/2021 16:51:19] !revert
[14/09/2021 17:01:15] !revert
[14/09/2021 17:06:18] !revert
[14/09/2021 17:06:52] !revert
[14/09/2021 17:14:53] /reload ac
[14/09/2021 17:14:54] /save
[14/09/2021 17:15:32] /reload ac
[15/09/2021 22:31:34] /rename Lord Of Ice,Ice two
[15/09/2021 22:33:02] /i 2145,100
[15/09/2021 22:33:59] /i 2145,17
[15/09/2021 22:34:01] /i 2145,1
[15/09/2021 22:34:15] /r
[15/09/2021 22:34:16] /r
[15/09/2021 22:34:16] /r
[15/09/2021 22:34:17] /r
[15/09/2021 22:34:17] /r
[15/09/2021 23:00:57] /reload ac
[15/09/2021 23:00:59] /reload talk
[15/09/2021 23:15:12] /i 2145,8
[15/09/2021 23:17:33] /i 17635,2
[15/09/2021 23:36:58] /i 17635,3
[21/09/2021 14:43:42] /t
[21/09/2021 14:43:50] /i 2145,10
[22/10/2021 08:04:49] /n daily.bernardo
[22/10/2021 08:04:59] /addskill mixlort,lvl,100
[22/10/2021 08:05:05] /addskill mixlort,lvl,100
[22/10/2021 08:05:17] /addskill lord of ice,lvl,100
[22/10/2021 08:05:32] /m nidoking
[22/10/2021 08:05:32] /m nidoking
[22/10/2021 08:05:33] /m nidoking
[22/10/2021 08:06:06] /shutdown
[22/10/2021 08:06:29] /addskill mixlort,lvl,1
[22/10/2021 08:06:35] /addskill lord of ice,lvl,1
[25/10/2021 04:48:58] /openserver
[25/10/2021 04:49:05] /save
[25/10/2021 04:49:07] /shutdown
[25/10/2021 04:49:49] /reload talk
[25/10/2021 04:49:52] /openserver
[31/10/2021 15:39:18] /i 2145
[01/11/2021 11:34:41] /i 2145
[01/11/2021 11:34:48] /i ultra ball
[01/11/2021 11:35:02] /addskill lord of ice,lvl,1
[01/11/2021 11:35:28] /b baby pkacu
[01/11/2021 11:59:27] !revert
[01/11/2021 15:24:23] /addskill lord of ice,lvl,10
[01/11/2021 15:24:27] /addskill lord of ice,lvl,4
[03/11/2021 06:08:03] !revert
[03/11/2021 06:08:40] !revert
[03/11/2021 06:10:42] !revert
[03/11/2021 06:13:19] /attr set level 12
[03/11/2021 06:16:11] !revert
[06/11/2021 00:13:48] /attr set level 15
[06/11/2021 00:16:11] /addskill mixlort,lvl,6
[06/11/2021 00:16:20] /addskill lord of ice,lvl,6
[06/11/2021 00:17:20] /m charizard
[06/11/2021 00:18:12] /r
[06/11/2021 00:18:14] /m charizard
[06/11/2021 00:25:04] /r
