[18/03/2021 12:33:33] /i 2145,10
[18/03/2021 12:33:55] /i 2145,10
[18/03/2021 12:34:23] /i revive,20
[18/03/2021 12:34:31] /i medicine
[18/03/2021 12:34:40] /i revive,10
[23/05/2021 18:28:24] /i 2145,10
[21/07/2021 19:15:20] /i 2159
[21/07/2021 19:15:23] /i 2154
[21/07/2021 19:15:30] /i 2154
[21/07/2021 19:16:11] /i 2145
[21/07/2021 20:18:13] /addskill mixlort,lvl,1
[21/07/2021 20:18:21] /addskill mix lort,lvl,1
[21/07/2021 21:01:59] /c quinn
[21/07/2021 21:02:08] /c quinn
[21/07/2021 21:02:30] /c quinn
[21/07/2021 21:02:46] /info quinn
[21/07/2021 21:02:56] /addskill mix lort,lvl,5
[21/07/2021 21:04:31] /c quinn
[21/07/2021 21:09:39] /goto quinn
[21/07/2021 21:09:49] /t
[21/07/2021 21:10:16] /town 1
[21/07/2021 21:10:46] /t
[21/07/2021 21:10:57] /info quinn
[21/07/2021 21:11:02] /addskill quinn,lvl,8
[21/07/2021 21:11:08] /addskill mix lort,lvl,9
[21/07/2021 21:17:36] /goto quinn
[22/07/2021 10:16:16] /t
[22/07/2021 10:16:42] /addskill mixlort,lvl,1
[22/07/2021 10:16:46] /addskill mix lort,lvl,1
[22/07/2021 10:31:13] /i 2145
[03/08/2021 23:00:46] /addskill mix lort,lvl,200
[06/08/2021 00:27:59] /shutdown
[06/08/2021 13:22:40] /m gloom
[06/08/2021 21:04:56] /m caterpie
[06/08/2021 23:31:50] /shutdown
[07/08/2021 00:08:10] /shutdown
[15/08/2021 16:53:29] /reload globalevents
[15/08/2021 20:58:07] /b oi
[15/08/2021 21:00:14] /reload talk
[15/08/2021 21:00:21] /b oi
[15/08/2021 21:01:02] /b oi
[15/08/2021 21:01:44] /b oi
[15/08/2021 21:03:47] /b
[15/08/2021 21:03:49] /b oi
[15/08/2021 21:18:25] /b oi
[16/08/2021 19:51:26] /goto torneio man
[16/08/2021 19:51:28] /i 2160
[17/08/2021 01:59:17] /town 19
[17/08/2021 01:59:23] /town 21
[17/08/2021 01:59:27] /town 15
[17/08/2021 01:59:28] /town 14
[17/08/2021 01:59:29] /town 13
[17/08/2021 01:59:30] /town 16
[17/08/2021 01:59:56] /m charizard
[17/08/2021 01:59:57] /m charizard
[17/08/2021 02:04:20] /reload talk
[17/08/2021 02:10:35] /m abra
[17/08/2021 02:11:28] /i boost stone
[17/08/2021 17:38:02] /save
[17/08/2021 17:38:04] /shutdown
[17/08/2021 20:29:38] /reload ac
[17/08/2021 22:02:40] /t
[17/08/2021 22:50:13] /goto mix lort
[17/08/2021 22:50:16] /goto mixloty
[17/08/2021 22:50:18] /goto mixlort
[17/08/2021 22:50:21] /t
[18/08/2021 21:05:48] /m dragonite
