[05/04/2021 23:54:22] /rename Mixlort,Lord Of Ice
[05/04/2021 23:54:30] /rename Mixlortt,Mixlort
[07/04/2021 06:22:32] /t
[07/04/2021 06:22:35] /town 1
[07/04/2021 06:22:44] /addskill mixlortt,lvl,350
[07/04/2021 06:22:59] /i fire stone
[07/04/2021 06:23:12] /m charizard
[07/04/2021 06:23:13] /m
[07/04/2021 06:23:14] /m
[07/04/2021 06:23:15] /m
[07/04/2021 06:23:40] /m charizard
[07/04/2021 06:24:03] /m charizard
[07/04/2021 06:24:23] /m charizard
[07/04/2021 06:24:26] /m charizard
[07/04/2021 06:24:27] /m charizard
[07/04/2021 06:24:29] /m charizard
[07/04/2021 06:24:31] /m charizard
[07/04/2021 06:24:45] /r
[07/04/2021 06:24:46] /r
[07/04/2021 06:24:50] /r
[07/04/2021 06:24:51] /r
[07/04/2021 06:24:54] /m charizard
[07/04/2021 06:24:57] /m charizard
[07/04/2021 06:24:58] /m charizard
[07/04/2021 06:25:00] /r
[07/04/2021 06:25:01] /r
[07/04/2021 06:25:02] /r
