[30/05/2022 00:26:00] /t
[30/05/2022 00:26:02] /town 2
[30/05/2022 00:26:04] /town 1
[30/05/2022 00:26:22] /town 1
[30/05/2022 00:27:34] /addskill pepsi,lvl,1
[30/05/2022 00:28:44] /i 2160,3
[31/05/2022 01:51:33] /t
[31/05/2022 01:52:03] /r
[31/05/2022 01:56:45] /reload ac
[31/05/2022 19:37:23] /reload talk
[01/06/2022 04:17:58] !revert
[01/06/2022 04:19:27] !revert
[02/06/2022 06:19:14] /m charizard
[02/06/2022 06:19:18] /m charizard
[02/06/2022 06:24:05] /m charizard
[02/06/2022 06:36:30] /shutdown
[02/06/2022 06:37:24] /m charizard
[02/06/2022 06:39:43] /shutdown
[02/06/2022 06:40:27] /m charizard
[02/06/2022 06:54:27] /m charizard
[02/06/2022 06:54:51] /m charizard
[02/06/2022 10:32:55] /m charizard
[06/06/2022 12:58:16] /town 16
[06/06/2022 12:58:48] /r
[06/06/2022 12:59:10] /t
[06/06/2022 13:00:13] /town 16
[06/06/2022 13:00:15] /m rattata
[06/06/2022 13:03:20] /closeserver
[06/06/2022 13:03:46] /m rattata
[06/06/2022 13:04:02] /t
[06/06/2022 13:05:08] /openserver
[06/06/2022 13:27:26] !revert
[06/06/2022 13:28:40] /i 17871
[06/06/2022 13:35:58] !revert
[06/06/2022 13:40:10] !revert
[06/06/2022 13:57:57] /ghost
[06/06/2022 13:58:01] /goto tangela
[06/06/2022 13:58:10] /r
[06/06/2022 13:58:12] /r
[06/06/2022 13:58:15] /r
[06/06/2022 13:58:18] /r
[06/06/2022 13:58:25] /ghost
[06/06/2022 14:00:26] /ghost
[06/06/2022 14:00:29] /t
[06/06/2022 14:00:38] /town 16
[06/06/2022 14:00:44] /t
[06/06/2022 14:00:46] /ghost
[06/06/2022 14:00:52] /ghost
[06/06/2022 14:00:59] /ghost
[13/06/2022 00:38:44] /i 2145
[13/06/2022 00:38:47] /i 2145
[13/06/2022 17:44:37] /r
[13/06/2022 17:44:40] /r
[13/06/2022 17:44:41] /r
[13/06/2022 17:44:43] /r
[13/06/2022 17:44:44] /r
[13/06/2022 17:44:45] /r
[13/06/2022 17:45:01] /m tangela
[13/06/2022 17:47:28] /attr set level 20
[13/06/2022 17:47:36] /i revive
