[06/06/2022 14:19:12] !megaphone ola colem discord do servidor, eu vou sortear um SHINY CHARIZARD se o video chegar a 1k de views, lembrando que o sorteio sera no discord!!
[06/06/2022 14:21:56] !megaphone lembrando que estou sorteando por livre espontanea vontade, nao sou nada da staff apenas um jogador fã do servidor!!!
[06/06/2022 14:59:16] !megaphone ain C A L I C A
[06/06/2022 15:15:12] !megaphone BUY ESSENSSE SHINYS 
[06/06/2022 19:33:58] !megaphone atenção cornos o servidor vai reiniciar!!
[07/06/2022 11:32:47] !megaphone pro jogo fica mais divertido tenha uma meta em mente, essa semana eu tenho uma meta de pegar um shiny gengar, COLOQUEM META PRA VOCES!!
[07/06/2022 13:17:33] !megaphone É O POZE PORRA! TUDO 2
[09/06/2022 01:29:21] !megaphone SEM DOR DE COTOVELO, PARA DE FALAR DE MIM LEK, SEM INVEJA!! 
[09/06/2022 01:30:44] !megaphone VOCES VAO TER QUE ME ATURAR SEUS DOIS FRACASSADOS
[09/06/2022 11:18:15] !megaphone SELL SH ZARD UNICO DO SERVIDOR
[09/06/2022 11:26:23] !megaphone SELL SH ZARD UNICO DO SERVIDOR
[09/06/2022 11:36:29] !megaphone SELL SH ZARD UNICO DO SERVIDOR
[09/06/2022 11:48:33] !megaphone SELL SH ZARD UNICO DO SERVIDOR
[09/06/2022 19:22:52] !megaphone rapazeada uma duvida pra vcs, O QUE ESTAO ACHANDO DO CACTH DO SERVIDOR RESPONDAM NO GAME CHAT
[09/06/2022 21:24:50] !megaphone cartao, cartao clonado nos usa a informação dos outro porq nos é procurado!!
[10/06/2022 10:35:56] !megaphone coloquei varias coisas a venda no mercado quem tiver afim de comprar esta la!!
[10/06/2022 20:59:15] !megaphone naturinn cade voce?
[10/06/2022 22:22:40] !megaphone SELL Hoverboard
[11/06/2022 23:45:57] !megaphone LORD o F R A C A S S O em Pessoa!!!
[12/06/2022 01:38:27] !megaphone ATIVA O EVENTO CORNO
[12/06/2022 01:45:21] !megaphone kkkkkkkkkkkkkkkk
[12/06/2022 01:45:54] !megaphone PC BARATIN PRA N VICIAR O CELULAR
[12/06/2022 01:47:01] !megaphone AVISO: CUIDADO AO JOGAR COM O CELULAR NA TOMADA PODE CAUSAR EXPLOSOES!!!
[12/06/2022 01:51:53] !megaphone AVISO: CUIDADO AO JOGAR COM O CELULAR NA TOMADA PODE CAUSAR EXPLOSOES!!!
[12/06/2022 01:58:01] !megaphone AVISO: CUIDADO AO JOGAR COM O CELULAR NA TOMADA PODE CAUSAR EXPLOSOES!!!
[12/06/2022 02:00:36] !megaphone Você não ganhou nada!
[12/06/2022 13:21:10] !megaphone SELL SHINY CHARIZARD 150DD
[12/06/2022 13:48:10] !megaphone SELL SHINY CHARIZARD 150DD
[12/06/2022 13:57:45] !megaphone SELL SHINY CHARIZARD 150DD
[12/06/2022 14:12:40] !megaphone SELL SHINY CHARIZARD 150DD
[12/06/2022 14:17:39] !megaphone SELL SHINY CHARIZARD 150DD
[12/06/2022 14:25:01] !megaphone SELL SHINY CHARIZARD 150DD
[12/06/2022 16:48:21] !megaphone SALE DANDO DICA NO DISCORD COLEM
[12/06/2022 17:20:01] !megaphone ACE DANDO DICA NO DISCORD COLEM
[12/06/2022 20:27:00] !megaphone SERVIDOR TA CHEIO DE CARENTE PQP!!
[12/06/2022 21:49:04] !megaphone ME SIGAM NO INSTAGRAM alison_patricio19!!!
[12/06/2022 21:49:40] !megaphone O PORRA
[12/06/2022 22:01:55] !megaphone o servidor esta sendo resetado
[12/06/2022 22:02:44] !megaphone donatou mais 600 pra nao ser resetado
[13/06/2022 09:06:54] !megaphone SELL HOVERBOARD ~ 15K DE DIAMOND GREEN
[13/06/2022 09:24:00] !megaphone SELL HOVERBOARD ~ 15K DE DIAMOND GREEN
[13/06/2022 10:01:07] !megaphone O Evento bag Esta Ativo por 15 segundos, use o comando !eventobag para participar
[13/06/2022 10:09:27] !megaphone BUY ESSENSE SHINY PAGO 2KK EM 100 ESSENSE
[13/06/2022 10:10:23] !megaphone TROCO HOVERBOARD EM 100 ESSENSE SHINYS
[13/06/2022 13:47:17] !megaphone 13:46 Você ja gastou: 268 Ultra balls tentando capturar um Shiny Marowak.
[13/06/2022 14:02:29] !megaphone [Evento Bag]: O Evento bag Esta Ativo por 15 segundos, use o comando !eventobag para participar
[13/06/2022 14:26:44] !megaphone [Evento Bag]: O Evento bag Esta Ativo por 15 segundos, use o comando !eventobag para participar
[13/06/2022 18:35:39] !megaphone Faça uma doação e me ajude a sobreviver meu pix é 88996438031
[13/06/2022 18:54:16] !megaphone SELL SHINY CHARIZARD!!!
[13/06/2022 19:31:39] !megaphone BUY 100 ESSENSE SHINY
[13/06/2022 19:50:17] !megaphone VENDO Hoverboard (Speed: 900). apenas 5k de diamond green!!
[13/06/2022 19:50:40] !megaphone VENDO Hoverboard (Speed: 900). apenas 5k de diamond green!!
[13/06/2022 20:18:18] !megaphone rapaziada novata to discord pra tirar duvidas de vcs, nao posso ficar trocando ideia no chat pois estou projetando!!
[13/06/2022 20:47:49] !megaphone VENDO Hoverboard (Speed: 900). apenas 5k de diamond green!!
[13/06/2022 23:28:33] !megaphone BLESS PRA TODO MUNDO
[13/06/2022 23:30:24] !megaphone DEVIDO A QUEDA DUAS VEZES VAMOS DA BLESS PA TODO MUNDO!!
[14/06/2022 13:47:48] !megaphone COLEM DISCORD DO SERVIDOR PARA DICAS! KK
[14/06/2022 19:12:34] !megaphone Oi Koiakin <3
[14/06/2022 19:25:06] !megaphone Relaxa Koiako vou diminuir o cacth pode deixar!!
[15/06/2022 11:28:54] !megaphone TO NO RESPAW SO FUI DA UM CAGÃO
[15/06/2022 17:49:29] !megaphone ta dando bom des notri??
[15/06/2022 19:10:45] !megaphone DES NUTRI <3
[16/06/2022 12:25:38] !megaphone parem de me mandar pm, eu nao sou tutor porra
[16/06/2022 12:29:51] !megaphone PAREM DE ME MANDAR PM PORRA!
[17/06/2022 15:55:59] !megaphone 15:55 Você ja gastou: 546 Ultra balls tentando capturar um Shiny Marowak.
[17/06/2022 17:15:23] !megaphone 17:14 Você ja gastou: 559 Ultra balls tentando capturar um Shiny Marowak.   BOA SORTE PRA QUEM QUER SHINY NO PXG DA DEEPWEB
[24/06/2022 18:04:41] !megaphone OI LINDOS
[24/06/2022 18:14:16] !megaphone SELL shiny buzz +50 , shiny zard+18, shiny marowak+20, shiny gengar+20, shiny charizard
[24/06/2022 18:23:10] !megaphone SELL shiny buzz +50 , shiny zard+18, shiny marowak+20, shiny gengar+20, shiny charizard
