[13/08/2021 19:21:53] /m charmander
[13/08/2021 19:22:10] /i 2160 10
[13/08/2021 19:22:16] /c Quinn
[13/08/2021 19:23:00] /kick
[13/08/2021 19:23:06] /kick Quinn
[13/08/2021 19:23:08] /kick Quinn
[13/08/2021 19:23:11] /r
[13/08/2021 19:23:28] /ghost
[13/08/2021 19:23:33] /a 2
[13/08/2021 19:23:41] /ghost
[13/08/2021 19:24:24] /r
[13/08/2021 19:25:11] /down
[13/08/2021 19:25:15] /up
[13/08/2021 19:25:29] /down
[13/08/2021 19:25:33] /up 
[13/08/2021 19:26:56] /down
[13/08/2021 19:26:59] /up
[13/08/2021 19:36:19] /t
[13/08/2021 19:36:24] /cliport
[13/08/2021 20:17:32] /goto caterpie
[13/08/2021 20:18:19] /t
[22/08/2021 19:09:02] /i 12344 100
[22/08/2021 19:09:05] /a
[22/08/2021 19:10:12] /cliport
[22/08/2021 19:11:10] /addskill Siffo,lvl,120
[22/08/2021 19:12:19] /m raichu
[22/08/2021 19:12:24] /goto raichu
[22/08/2021 19:12:40] /t
[22/08/2021 19:16:31] /r
[22/08/2021 21:05:42] /t
[22/08/2021 21:05:54] /a
[22/08/2021 22:26:23] /ghost
[22/08/2021 22:27:24] /b tedte
[22/08/2021 22:27:28] /b teste
[22/08/2021 22:28:22] /b Servidor reiniciando
[22/08/2021 22:30:44] /a 2
[22/08/2021 22:30:51] /a 2
[22/08/2021 22:52:12] /goto qji
[22/08/2021 22:52:16] /goto quinn
[22/08/2021 23:16:50] /goto high
[22/08/2021 23:17:24] /goto danishow
[22/08/2021 23:23:09] /t
[22/08/2021 23:32:41] /goto goth neph
[22/08/2021 23:58:25] /goto danishow
[23/08/2021 00:01:37] /goto ashkashi
[23/08/2021 00:07:12] /goto bielms
[23/08/2021 00:07:15] /t
[23/08/2021 00:08:08] /addskill bielms,lvl,5
[23/08/2021 00:10:46] /goto ashkashi
[23/08/2021 00:20:35] /r
[23/08/2021 00:20:45] /goto bielms
[23/08/2021 00:20:50] /goto bielms
[23/08/2021 00:21:03] /a
[23/08/2021 00:21:06] /goto bielms
[23/08/2021 00:21:10] /t
[23/08/2021 00:21:12] /a
[23/08/2021 00:21:12] /a
[23/08/2021 00:27:46] /addskill bielms,lvl,2
[23/08/2021 01:00:03] /goto ashkashi
[23/08/2021 01:00:15] /c ashkashi
[23/08/2021 01:00:26] /c newt
[23/08/2021 01:00:45] /t
[23/08/2021 01:04:11] /addskill bielms,lvl,3
[23/08/2021 01:19:41] /addskill bielms,lvl,1
[23/08/2021 17:52:57] /goto aqua
[23/08/2021 17:55:16] /goto quinn
[23/08/2021 17:55:23] /goto quinn
[23/08/2021 17:55:29] /goto quinn
[23/08/2021 17:55:31] /goto quinn
[23/08/2021 17:55:33] /goto quinn
[23/08/2021 17:55:34] /goto quinn
[23/08/2021 17:55:41] /goto quinn
[23/08/2021 17:55:48] /goto quinn
[23/08/2021 17:55:50] /goto quinn
[23/08/2021 17:55:52] /goto quinn
[23/08/2021 17:55:58] /t
[23/08/2021 17:57:03] /goto aqua
[23/08/2021 18:01:12] /t
[23/08/2021 18:01:24] /ghost
[23/08/2021 18:01:29] /ghost
[23/08/2021 18:06:31] /goto aqua
[23/08/2021 18:19:18] /t
[23/08/2021 18:29:27] /c oddish
[23/08/2021 18:29:33] /goto caterpie
[23/08/2021 18:29:35] /ghost
[23/08/2021 18:29:45] /ghost
[23/08/2021 18:29:47] /ghost
[23/08/2021 18:29:48] /goto caterpie
[23/08/2021 18:29:58] /goto caterpie
[23/08/2021 18:30:07] /goto caterpie
[23/08/2021 18:30:13] /goto caterpie
[23/08/2021 18:30:19] /goto caterpie
[23/08/2021 18:30:31] /goto caterpie
[23/08/2021 18:30:39] /goto caterpie
[23/08/2021 18:30:42] /goto caterpie
[23/08/2021 18:30:56] /goto caterpie
[23/08/2021 18:31:03] /goto caterpie
[23/08/2021 18:31:13] /goto caterpie
[23/08/2021 18:33:10] /goto caterpie/t
[23/08/2021 18:33:13] /t
[23/08/2021 18:33:16] /ghost
[23/08/2021 18:34:01] /goto ashkashi
[23/08/2021 18:34:06] /ghost
[23/08/2021 18:34:25] /a 2
[23/08/2021 18:34:25] /a 2
[23/08/2021 18:34:26] /a 2
[23/08/2021 18:34:26] /a 2
[23/08/2021 18:34:27] /a 2
[23/08/2021 18:34:27] /a 2
[23/08/2021 18:34:35] /ghost
[23/08/2021 18:34:35] /t
[23/08/2021 18:37:57] /t saffron
[23/08/2021 18:38:18] /ghost
[23/08/2021 19:14:15] /ghost
[23/08/2021 19:14:17] /goto danishow
[23/08/2021 19:14:20] /goto danishow
[23/08/2021 19:14:24] /goto Danishw
[23/08/2021 19:14:27] /goto Danishow
[23/08/2021 19:17:20] /goto newt
[23/08/2021 19:17:45] /goto Danishow
[23/08/2021 19:18:17] /addskill bielms,lvl,7
[23/08/2021 19:18:30] /goto DaniShow
[23/08/2021 19:20:56] /goto DaniShow
[23/08/2021 19:21:13] /goto DaniShow
[23/08/2021 19:21:23] /goto lord of ice
[23/08/2021 19:21:53] /goto DaniShow
[23/08/2021 19:26:08] /a 2
[23/08/2021 19:27:20] /goto DaniShow
[23/08/2021 19:29:32] /goto DaniShow
[23/08/2021 19:29:39] /a 2
[23/08/2021 19:30:16] /goto DaniShow
[23/08/2021 19:31:41] /t bielms
[23/08/2021 19:31:53] /goto DaniShow
[23/08/2021 19:35:43] /goto DaniShow
[23/08/2021 19:40:01] /m oddish
[23/08/2021 19:40:09] /c shiny onix
[23/08/2021 19:40:13] /c shiny golem
[23/08/2021 19:40:17] /goto shiny onix
[23/08/2021 19:41:23] /goto Danishow
[23/08/2021 19:41:47] /goto Ashkashi
[23/08/2021 19:41:55] /goto Danishow
[23/08/2021 19:46:36] /a 20
[23/08/2021 19:46:42] /a 4
[23/08/2021 19:47:58] /a 10
[23/08/2021 19:48:00] /a 10
[23/08/2021 19:48:01] /a 10
[23/08/2021 19:48:35] /a 5
[23/08/2021 19:49:56] /a 20
[23/08/2021 19:49:57] /a 20
[23/08/2021 19:49:58] /a 20
[23/08/2021 19:49:58] /a 20
[23/08/2021 19:50:10] /a 2
[23/08/2021 19:50:11] /a 2
[23/08/2021 19:50:12] /a 2
[23/08/2021 19:50:13] /a 2
[23/08/2021 19:50:19] /goto DanielShow
[23/08/2021 19:50:23] /goto DaniShow
[23/08/2021 19:50:55] /t
[23/08/2021 20:11:23] /c Ashkashi
[23/08/2021 20:11:36] /ghost
[23/08/2021 20:11:53] /kick
[23/08/2021 20:12:00] /kick Ashkashi
[23/08/2021 20:12:07] /kick bielms
[23/08/2021 20:12:38] /c ashkashi
[23/08/2021 20:13:38] /goto lord of ice
[23/08/2021 20:13:49] /goto ashkashi
[23/08/2021 20:14:47] /ghost
[23/08/2021 20:14:48] /t
[23/08/2021 20:29:27] /goto alcapone
[23/08/2021 20:39:41] /goto alcapone
[23/08/2021 20:39:56] /ghost
[23/08/2021 20:40:59] /ghost
[23/08/2021 20:41:01] /t
[23/08/2021 20:44:55] /goto gaspar
[23/08/2021 20:49:52] /goto ashkashi
[23/08/2021 21:02:20] /ghost
[23/08/2021 21:07:11] /t
[23/08/2021 21:07:15] /ghost
[24/08/2021 13:12:11] /goto Saci
[24/08/2021 13:12:25] /t
[24/08/2021 13:23:11] /goto azgerda
[24/08/2021 13:24:23] /goto beemo
[24/08/2021 13:31:24] /goto lord of ice
[24/08/2021 13:34:39] /goto Liipz
[24/08/2021 13:34:41] /ghost
[24/08/2021 13:35:16] /t
[24/08/2021 13:35:32] /goto Liipz
[24/08/2021 13:36:39] /c Quinn
[24/08/2021 13:39:14] /ghost
[24/08/2021 13:39:15] /t
[24/08/2021 13:40:50] /goto corremuleke
[24/08/2021 13:40:57] /goto Liipz
[24/08/2021 13:44:29] /goto quinn
[24/08/2021 13:44:33] /goto liipz
[24/08/2021 13:48:06] /goto Natow
[24/08/2021 13:52:14] /t
[24/08/2021 13:52:30] /goto Beemo
[24/08/2021 13:53:16] /goto Beemo
[24/08/2021 13:53:35] /goto Natow
[24/08/2021 13:55:23] /goto Perusion
[24/08/2021 13:57:58] /goto Beemo
[24/08/2021 14:00:32] /t
[24/08/2021 14:03:55] /goto Liipz
[24/08/2021 14:03:58] /ghost
[24/08/2021 14:05:04] /ghost
[24/08/2021 14:05:04] /t
[24/08/2021 14:05:44] /ghost
[28/08/2021 23:40:31] /attr
[28/08/2021 23:40:38] /attr group 6
[28/08/2021 23:40:42] /attr group 4
[28/08/2021 23:40:44] /attr group 3
[28/08/2021 23:41:17] /m oddish
[29/08/2021 13:14:00] /cliport
[29/08/2021 13:20:03] /t
[29/08/2021 13:22:51] /r
[29/08/2021 13:22:54] /r
[29/08/2021 13:49:12] /goto goldeen
[29/08/2021 13:49:16] /goto bellosoom
[29/08/2021 13:49:19] /town  1
[29/08/2021 13:51:09] /down
[29/08/2021 13:51:43] /t
[29/08/2021 16:51:06] /goto quinn
[29/08/2021 16:52:30] /t
[30/08/2021 13:13:12] /goto mixlort
[30/08/2021 13:13:19] /ghost
